{"C:\\Users\\user\\Downloads\\my_project\\server.js": {"path":"C:\\Users\\user\\Downloads\\my_project\\server.js","statementMap":{"0":{"start":{"line":14,"column":18},"end":{"line":14,"column":62}},"1":{"start":{"line":15,"column":19},"end":{"line":15,"column":28}},"2":{"start":{"line":16,"column":13},"end":{"line":16,"column":45}},"3":{"start":{"line":18,"column":0},"end":{"line":18,"column":null}},"4":{"start":{"line":19,"column":0},"end":{"line":24,"column":null}},"5":{"start":{"line":26,"column":21},"end":{"line":31,"column":1}},"6":{"start":{"line":33,"column":0},"end":{"line":38,"column":null}},"7":{"start":{"line":34,"column":2},"end":{"line":34,"column":null}},"8":{"start":{"line":35,"column":2},"end":{"line":35,"column":null}},"9":{"start":{"line":36,"column":2},"end":{"line":36,"column":null}},"10":{"start":{"line":37,"column":2},"end":{"line":37,"column":null}},"11":{"start":{"line":40,"column":0},"end":{"line":40,"column":null}},"12":{"start":{"line":41,"column":0},"end":{"line":41,"column":null}},"13":{"start":{"line":43,"column":0},"end":{"line":43,"column":null}},"14":{"start":{"line":44,"column":0},"end":{"line":44,"column":null}},"15":{"start":{"line":46,"column":0},"end":{"line":46,"column":null}},"16":{"start":{"line":48,"column":0},"end":{"line":48,"column":null}},"17":{"start":{"line":49,"column":0},"end":{"line":49,"column":null}},"18":{"start":{"line":50,"column":0},"end":{"line":50,"column":null}},"19":{"start":{"line":51,"column":0},"end":{"line":51,"column":null}},"20":{"start":{"line":52,"column":0},"end":{"line":52,"column":null}},"21":{"start":{"line":53,"column":0},"end":{"line":53,"column":null}},"22":{"start":{"line":54,"column":0},"end":{"line":54,"column":null}},"23":{"start":{"line":55,"column":0},"end":{"line":55,"column":null}},"24":{"start":{"line":56,"column":0},"end":{"line":56,"column":null}},"25":{"start":{"line":57,"column":0},"end":{"line":57,"column":null}},"26":{"start":{"line":59,"column":0},"end":{"line":59,"column":null}},"27":{"start":{"line":60,"column":0},"end":{"line":63,"column":null}},"28":{"start":{"line":61,"column":2},"end":{"line":61,"column":null}},"29":{"start":{"line":61,"column":61},"end":{"line":61,"column":null}},"30":{"start":{"line":62,"column":2},"end":{"line":62,"column":null}},"31":{"start":{"line":66,"column":2},"end":{"line":72,"column":null}},"32":{"start":{"line":67,"column":4},"end":{"line":67,"column":null}},"33":{"start":{"line":68,"column":4},"end":{"line":68,"column":null}},"34":{"start":{"line":68,"column":27},"end":{"line":68,"column":89}},"35":{"start":{"line":70,"column":4},"end":{"line":70,"column":null}},"36":{"start":{"line":71,"column":4},"end":{"line":71,"column":null}},"37":{"start":{"line":75,"column":20},"end":{"line":75,"column":94}},"38":{"start":{"line":76,"column":0},"end":{"line":76,"column":null}},"39":{"start":{"line":76,"column":17},"end":{"line":76,"column":null}}},"fnMap":{"0":{"name":"(anonymous_0)","decl":{"start":{"line":60,"column":8},"end":{"line":60,"column":9}},"loc":{"start":{"line":60,"column":28},"end":{"line":63,"column":1}},"line":60},"1":{"name":"startServer","decl":{"start":{"line":65,"column":22},"end":{"line":65,"column":33}},"loc":{"start":{"line":65,"column":36},"end":{"line":73,"column":null}},"line":65},"2":{"name":"(anonymous_2)","decl":{"start":{"line":68,"column":21},"end":{"line":68,"column":22}},"loc":{"start":{"line":68,"column":27},"end":{"line":68,"column":89}},"line":68}},"branchMap":{"0":{"loc":{"start":{"line":16,"column":20},"end":{"line":16,"column":44}},"type":"binary-expr","locations":[{"start":{"line":16,"column":20},"end":{"line":16,"column":36}},{"start":{"line":16,"column":40},"end":{"line":16,"column":44}}],"line":16},"1":{"loc":{"start":{"line":20,"column":10},"end":{"line":20,"column":71}},"type":"binary-expr","locations":[{"start":{"line":20,"column":10},"end":{"line":20,"column":36}},{"start":{"line":20,"column":40},"end":{"line":20,"column":71}}],"line":20},"2":{"loc":{"start":{"line":61,"column":2},"end":{"line":61,"column":null}},"type":"if","locations":[{"start":{"line":61,"column":2},"end":{"line":61,"column":null}},{"start":{},"end":{}}],"line":61},"3":{"loc":{"start":{"line":61,"column":6},"end":{"line":61,"column":59}},"type":"binary-expr","locations":[{"start":{"line":61,"column":6},"end":{"line":61,"column":26}},{"start":{"line":61,"column":30},"end":{"line":61,"column":59}}],"line":61},"4":{"loc":{"start":{"line":75,"column":20},"end":{"line":75,"column":94}},"type":"binary-expr","locations":[{"start":{"line":75,"column":20},"end":{"line":75,"column":35}},{"start":{"line":75,"column":39},"end":{"line":75,"column":94}}],"line":75},"5":{"loc":{"start":{"line":76,"column":0},"end":{"line":76,"column":null}},"type":"if","locations":[{"start":{"line":76,"column":0},"end":{"line":76,"column":null}},{"start":{},"end":{}}],"line":76}},"s":{"0":1,"1":1,"2":1,"3":1,"4":1,"5":1,"6":1,"7":4,"8":4,"9":4,"10":4,"11":1,"12":1,"13":1,"14":1,"15":1,"16":1,"17":1,"18":1,"19":1,"20":1,"21":1,"22":1,"23":1,"24":1,"25":1,"26":1,"27":1,"28":1,"29":0,"30":1,"31":0,"32":0,"33":0,"34":0,"35":0,"36":0,"37":1,"38":1,"39":0},"f":{"0":1,"1":0,"2":0},"b":{"0":[1,1],"1":[1,1],"2":[0,1],"3":[1,1],"4":[1,1],"5":[0,1]},"meta":{"lastBranch":6,"lastFunction":3,"lastStatement":40,"seen":{"s:14:18:14:62":0,"s:15:19:15:28":1,"s:16:13:16:45":2,"b:16:20:16:36:16:40:16:44":0,"s:18:0:18:Infinity":3,"s:19:0:24:Infinity":4,"b:20:10:20:36:20:40:20:71":1,"s:26:21:31:1":5,"s:33:0:38:Infinity":6,"s:34:2:34:Infinity":7,"s:35:2:35:Infinity":8,"s:36:2:36:Infinity":9,"s:37:2:37:Infinity":10,"s:40:0:40:Infinity":11,"s:41:0:41:Infinity":12,"s:43:0:43:Infinity":13,"s:44:0:44:Infinity":14,"s:46:0:46:Infinity":15,"s:48:0:48:Infinity":16,"s:49:0:49:Infinity":17,"s:50:0:50:Infinity":18,"s:51:0:51:Infinity":19,"s:52:0:52:Infinity":20,"s:53:0:53:Infinity":21,"s:54:0:54:Infinity":22,"s:55:0:55:Infinity":23,"s:56:0:56:Infinity":24,"s:57:0:57:Infinity":25,"s:59:0:59:Infinity":26,"s:60:0:63:Infinity":27,"f:60:8:60:9":0,"b:61:2:61:Infinity:undefined:undefined:undefined:undefined":2,"s:61:2:61:Infinity":28,"b:61:6:61:26:61:30:61:59":3,"s:61:61:61:Infinity":29,"s:62:2:62:Infinity":30,"f:65:22:65:33":1,"s:66:2:72:Infinity":31,"s:67:4:67:Infinity":32,"s:68:4:68:Infinity":33,"f:68:21:68:22":2,"s:68:27:68:89":34,"s:70:4:70:Infinity":35,"s:71:4:71:Infinity":36,"s:75:20:75:94":37,"b:75:20:75:35:75:39:75:94":4,"b:76:0:76:Infinity:undefined:undefined:undefined:undefined":5,"s:76:0:76:Infinity":38,"s:76:17:76:Infinity":39},"fnNames":{}}}
,"C:\\Users\\user\\Downloads\\my_project\\api\\admin.js": {"path":"C:\\Users\\user\\Downloads\\my_project\\api\\admin.js","statementMap":{"0":{"start":{"line":4,"column":2},"end":{"line":7,"column":null}},"1":{"start":{"line":5,"column":4},"end":{"line":5,"column":null}},"2":{"start":{"line":6,"column":4},"end":{"line":6,"column":null}},"3":{"start":{"line":9,"column":2},"end":{"line":9,"column":null}},"4":{"start":{"line":13,"column":2},"end":{"line":30,"column":null}},"5":{"start":{"line":14,"column":17},"end":{"line":14,"column":45}},"6":{"start":{"line":15,"column":4},"end":{"line":15,"column":null}},"7":{"start":{"line":15,"column":15},"end":{"line":15,"column":null}},"8":{"start":{"line":17,"column":20},"end":{"line":17,"column":84}},"9":{"start":{"line":19,"column":4},"end":{"line":24,"column":null}},"10":{"start":{"line":20,"column":6},"end":{"line":20,"column":null}},"11":{"start":{"line":22,"column":26},"end":{"line":22,"column":90}},"12":{"start":{"line":23,"column":6},"end":{"line":23,"column":null}},"13":{"start":{"line":26,"column":4},"end":{"line":29,"column":null}},"14":{"start":{"line":36,"column":20},"end":{"line":36,"column":54}},"15":{"start":{"line":37,"column":22},"end":{"line":37,"column":68}},"16":{"start":{"line":39,"column":2},"end":{"line":74,"column":null}},"17":{"start":{"line":40,"column":19},"end":{"line":49,"column":6}},"18":{"start":{"line":51,"column":19},"end":{"line":56,"column":7}},"19":{"start":{"line":51,"column":42},"end":{"line":56,"column":5}},"20":{"start":{"line":58,"column":4},"end":{"line":60,"column":null}},"21":{"start":{"line":59,"column":6},"end":{"line":59,"column":null}},"22":{"start":{"line":59,"column":46},"end":{"line":59,"column":78}},"23":{"start":{"line":62,"column":4},"end":{"line":68,"column":null}},"24":{"start":{"line":63,"column":6},"end":{"line":67,"column":null}},"25":{"start":{"line":64,"column":8},"end":{"line":66,"column":null}},"26":{"start":{"line":66,"column":41},"end":{"line":66,"column":86}},"27":{"start":{"line":70,"column":4},"end":{"line":70,"column":null}},"28":{"start":{"line":72,"column":4},"end":{"line":72,"column":null}},"29":{"start":{"line":73,"column":4},"end":{"line":73,"column":null}},"30":{"start":{"line":78,"column":2},"end":{"line":78,"column":null}},"31":{"start":{"line":78,"column":31},"end":{"line":78,"column":null}},"32":{"start":{"line":80,"column":2},"end":{"line":82,"column":null}},"33":{"start":{"line":81,"column":4},"end":{"line":81,"column":null}},"34":{"start":{"line":84,"column":2},"end":{"line":112,"column":null}},"35":{"start":{"line":85,"column":20},"end":{"line":85,"column":34}},"36":{"start":{"line":86,"column":17},"end":{"line":86,"column":50}},"37":{"start":{"line":87,"column":20},"end":{"line":87,"column":56}},"38":{"start":{"line":88,"column":18},"end":{"line":88,"column":52}},"39":{"start":{"line":89,"column":21},"end":{"line":89,"column":58}},"40":{"start":{"line":90,"column":17},"end":{"line":90,"column":50}},"41":{"start":{"line":91,"column":18},"end":{"line":91,"column":52}},"42":{"start":{"line":92,"column":17},"end":{"line":92,"column":50}},"43":{"start":{"line":93,"column":17},"end":{"line":93,"column":64}},"44":{"start":{"line":94,"column":17},"end":{"line":94,"column":54}},"45":{"start":{"line":96,"column":4},"end":{"line":98,"column":null}},"46":{"start":{"line":97,"column":6},"end":{"line":97,"column":null}},"47":{"start":{"line":100,"column":4},"end":{"line":111,"column":null}},"48":{"start":{"line":101,"column":23},"end":{"line":104,"column":7}},"49":{"start":{"line":105,"column":6},"end":{"line":105,"column":null}},"50":{"start":{"line":107,"column":6},"end":{"line":107,"column":null}},"51":{"start":{"line":109,"column":6},"end":{"line":109,"column":null}},"52":{"start":{"line":110,"column":6},"end":{"line":110,"column":null}},"53":{"start":{"line":114,"column":2},"end":{"line":139,"column":null}},"54":{"start":{"line":115,"column":22},"end":{"line":115,"column":43}},"55":{"start":{"line":116,"column":18},"end":{"line":116,"column":53}},"56":{"start":{"line":117,"column":17},"end":{"line":117,"column":51}},"57":{"start":{"line":118,"column":17},"end":{"line":118,"column":127}},"58":{"start":{"line":118,"column":81},"end":{"line":118,"column":105}},"59":{"start":{"line":120,"column":4},"end":{"line":122,"column":null}},"60":{"start":{"line":121,"column":6},"end":{"line":121,"column":null}},"61":{"start":{"line":124,"column":4},"end":{"line":138,"column":null}},"62":{"start":{"line":125,"column":23},"end":{"line":128,"column":7}},"63":{"start":{"line":130,"column":6},"end":{"line":132,"column":null}},"64":{"start":{"line":131,"column":8},"end":{"line":131,"column":null}},"65":{"start":{"line":134,"column":6},"end":{"line":134,"column":null}},"66":{"start":{"line":136,"column":6},"end":{"line":136,"column":null}},"67":{"start":{"line":137,"column":6},"end":{"line":137,"column":null}},"68":{"start":{"line":143,"column":2},"end":{"line":143,"column":null}},"69":{"start":{"line":143,"column":31},"end":{"line":143,"column":null}},"70":{"start":{"line":145,"column":2},"end":{"line":156,"column":null}},"71":{"start":{"line":146,"column":19},"end":{"line":150,"column":6}},"72":{"start":{"line":152,"column":4},"end":{"line":152,"column":null}},"73":{"start":{"line":154,"column":4},"end":{"line":154,"column":null}},"74":{"start":{"line":155,"column":4},"end":{"line":155,"column":null}},"75":{"start":{"line":160,"column":2},"end":{"line":160,"column":null}},"76":{"start":{"line":160,"column":31},"end":{"line":160,"column":null}},"77":{"start":{"line":162,"column":20},"end":{"line":162,"column":41}},"78":{"start":{"line":163,"column":2},"end":{"line":165,"column":null}},"79":{"start":{"line":164,"column":4},"end":{"line":164,"column":null}},"80":{"start":{"line":167,"column":2},"end":{"line":173,"column":null}},"81":{"start":{"line":168,"column":4},"end":{"line":168,"column":null}},"82":{"start":{"line":169,"column":4},"end":{"line":169,"column":null}},"83":{"start":{"line":171,"column":4},"end":{"line":171,"column":null}},"84":{"start":{"line":172,"column":4},"end":{"line":172,"column":null}},"85":{"start":{"line":177,"column":2},"end":{"line":177,"column":null}},"86":{"start":{"line":177,"column":31},"end":{"line":177,"column":null}},"87":{"start":{"line":179,"column":2},"end":{"line":188,"column":null}},"88":{"start":{"line":180,"column":4},"end":{"line":186,"column":null}},"89":{"start":{"line":181,"column":21},"end":{"line":181,"column":86}},"90":{"start":{"line":182,"column":6},"end":{"line":182,"column":null}},"91":{"start":{"line":184,"column":6},"end":{"line":184,"column":null}},"92":{"start":{"line":185,"column":6},"end":{"line":185,"column":null}},"93":{"start":{"line":187,"column":4},"end":{"line":187,"column":null}},"94":{"start":{"line":190,"column":2},"end":{"line":206,"column":null}},"95":{"start":{"line":191,"column":17},"end":{"line":191,"column":51}},"96":{"start":{"line":192,"column":4},"end":{"line":194,"column":null}},"97":{"start":{"line":193,"column":6},"end":{"line":193,"column":null}},"98":{"start":{"line":196,"column":4},"end":{"line":205,"column":null}},"99":{"start":{"line":197,"column":23},"end":{"line":197,"column":87}},"100":{"start":{"line":198,"column":6},"end":{"line":198,"column":null}},"101":{"start":{"line":200,"column":6},"end":{"line":202,"column":null}},"102":{"start":{"line":201,"column":8},"end":{"line":201,"column":null}},"103":{"start":{"line":203,"column":6},"end":{"line":203,"column":null}},"104":{"start":{"line":204,"column":6},"end":{"line":204,"column":null}},"105":{"start":{"line":210,"column":2},"end":{"line":210,"column":null}},"106":{"start":{"line":210,"column":31},"end":{"line":210,"column":null}},"107":{"start":{"line":212,"column":16},"end":{"line":212,"column":37}},"108":{"start":{"line":213,"column":2},"end":{"line":215,"column":null}},"109":{"start":{"line":214,"column":4},"end":{"line":214,"column":null}},"110":{"start":{"line":217,"column":2},"end":{"line":223,"column":null}},"111":{"start":{"line":218,"column":4},"end":{"line":218,"column":null}},"112":{"start":{"line":219,"column":4},"end":{"line":219,"column":null}},"113":{"start":{"line":221,"column":4},"end":{"line":221,"column":null}},"114":{"start":{"line":222,"column":4},"end":{"line":222,"column":null}},"115":{"start":{"line":227,"column":2},"end":{"line":227,"column":null}},"116":{"start":{"line":227,"column":31},"end":{"line":227,"column":null}},"117":{"start":{"line":229,"column":20},"end":{"line":229,"column":41}},"118":{"start":{"line":230,"column":18},"end":{"line":230,"column":51}},"119":{"start":{"line":232,"column":2},"end":{"line":234,"column":null}},"120":{"start":{"line":233,"column":4},"end":{"line":233,"column":null}},"121":{"start":{"line":236,"column":2},"end":{"line":242,"column":null}},"122":{"start":{"line":237,"column":4},"end":{"line":237,"column":null}},"123":{"start":{"line":238,"column":4},"end":{"line":238,"column":null}},"124":{"start":{"line":240,"column":4},"end":{"line":240,"column":null}},"125":{"start":{"line":241,"column":4},"end":{"line":241,"column":null}},"126":{"start":{"line":246,"column":2},"end":{"line":246,"column":null}},"127":{"start":{"line":246,"column":31},"end":{"line":246,"column":null}},"128":{"start":{"line":248,"column":20},"end":{"line":248,"column":41}},"129":{"start":{"line":249,"column":16},"end":{"line":249,"column":40}},"130":{"start":{"line":250,"column":2},"end":{"line":252,"column":null}},"131":{"start":{"line":251,"column":4},"end":{"line":251,"column":null}},"132":{"start":{"line":254,"column":2},"end":{"line":260,"column":null}},"133":{"start":{"line":255,"column":4},"end":{"line":255,"column":null}},"134":{"start":{"line":256,"column":4},"end":{"line":256,"column":null}},"135":{"start":{"line":258,"column":4},"end":{"line":258,"column":null}},"136":{"start":{"line":259,"column":4},"end":{"line":259,"column":null}}},"fnMap":{"0":{"name":"requireAdmin","decl":{"start":{"line":3,"column":9},"end":{"line":3,"column":21}},"loc":{"start":{"line":3,"column":32},"end":{"line":10,"column":null}},"line":3},"1":{"name":"attachTags","decl":{"start":{"line":12,"column":15},"end":{"line":12,"column":25}},"loc":{"start":{"line":12,"column":47},"end":{"line":31,"column":null}},"line":12},"2":{"name":"getArticlesHandler","decl":{"start":{"line":33,"column":22},"end":{"line":33,"column":40}},"loc":{"start":{"line":33,"column":51},"end":{"line":75,"column":null}},"line":33},"3":{"name":"(anonymous_3)","decl":{"start":{"line":51,"column":28},"end":{"line":51,"column":29}},"loc":{"start":{"line":51,"column":42},"end":{"line":56,"column":5}},"line":51},"4":{"name":"(anonymous_4)","decl":{"start":{"line":59,"column":33},"end":{"line":59,"column":34}},"loc":{"start":{"line":59,"column":46},"end":{"line":59,"column":78}},"line":59},"5":{"name":"(anonymous_5)","decl":{"start":{"line":63,"column":33},"end":{"line":63,"column":34}},"loc":{"start":{"line":64,"column":8},"end":{"line":66,"column":null}},"line":64},"6":{"name":"(anonymous_6)","decl":{"start":{"line":66,"column":26},"end":{"line":66,"column":27}},"loc":{"start":{"line":66,"column":41},"end":{"line":66,"column":86}},"line":66},"7":{"name":"adminArticlesHandler","decl":{"start":{"line":77,"column":22},"end":{"line":77,"column":42}},"loc":{"start":{"line":77,"column":53},"end":{"line":140,"column":null}},"line":77},"8":{"name":"(anonymous_8)","decl":{"start":{"line":118,"column":66},"end":{"line":118,"column":67}},"loc":{"start":{"line":118,"column":81},"end":{"line":118,"column":105}},"line":118},"9":{"name":"adminCommentsHandler","decl":{"start":{"line":142,"column":22},"end":{"line":142,"column":42}},"loc":{"start":{"line":142,"column":53},"end":{"line":157,"column":null}},"line":142},"10":{"name":"adminDeleteCommentHandler","decl":{"start":{"line":159,"column":22},"end":{"line":159,"column":47}},"loc":{"start":{"line":159,"column":58},"end":{"line":174,"column":null}},"line":159},"11":{"name":"adminTagsHandler","decl":{"start":{"line":176,"column":22},"end":{"line":176,"column":38}},"loc":{"start":{"line":176,"column":49},"end":{"line":207,"column":null}},"line":176},"12":{"name":"adminDeleteTagHandler","decl":{"start":{"line":209,"column":22},"end":{"line":209,"column":43}},"loc":{"start":{"line":209,"column":54},"end":{"line":224,"column":null}},"line":209},"13":{"name":"adminArticleTagsHandler","decl":{"start":{"line":226,"column":22},"end":{"line":226,"column":45}},"loc":{"start":{"line":226,"column":56},"end":{"line":243,"column":null}},"line":226},"14":{"name":"adminDeleteArticleTagHandler","decl":{"start":{"line":245,"column":22},"end":{"line":245,"column":50}},"loc":{"start":{"line":245,"column":61},"end":{"line":261,"column":null}},"line":245}},"branchMap":{"0":{"loc":{"start":{"line":4,"column":2},"end":{"line":7,"column":null}},"type":"if","locations":[{"start":{"line":4,"column":2},"end":{"line":7,"column":null}},{"start":{},"end":{}}],"line":4},"1":{"loc":{"start":{"line":14,"column":24},"end":{"line":14,"column":37}},"type":"binary-expr","locations":[{"start":{"line":14,"column":24},"end":{"line":14,"column":31}},{"start":{"line":14,"column":35},"end":{"line":14,"column":37}}],"line":14},"2":{"loc":{"start":{"line":15,"column":4},"end":{"line":15,"column":null}},"type":"if","locations":[{"start":{"line":15,"column":4},"end":{"line":15,"column":null}},{"start":{},"end":{}}],"line":15},"3":{"loc":{"start":{"line":19,"column":4},"end":{"line":24,"column":null}},"type":"if","locations":[{"start":{"line":19,"column":4},"end":{"line":24,"column":null}},{"start":{"line":21,"column":11},"end":{"line":24,"column":null}}],"line":19},"4":{"loc":{"start":{"line":36,"column":27},"end":{"line":36,"column":46}},"type":"binary-expr","locations":[{"start":{"line":36,"column":27},"end":{"line":36,"column":40}},{"start":{"line":36,"column":44},"end":{"line":36,"column":46}}],"line":36},"5":{"loc":{"start":{"line":37,"column":29},"end":{"line":37,"column":46}},"type":"binary-expr","locations":[{"start":{"line":37,"column":29},"end":{"line":37,"column":40}},{"start":{"line":37,"column":44},"end":{"line":37,"column":46}}],"line":37},"6":{"loc":{"start":{"line":54,"column":12},"end":{"line":54,"column":56}},"type":"cond-expr","locations":[{"start":{"line":54,"column":27},"end":{"line":54,"column":51}},{"start":{"line":54,"column":54},"end":{"line":54,"column":56}}],"line":54},"7":{"loc":{"start":{"line":55,"column":14},"end":{"line":55,"column":null}},"type":"cond-expr","locations":[{"start":{"line":55,"column":32},"end":{"line":55,"column":70}},{"start":{"line":55,"column":73},"end":{"line":55,"column":null}}],"line":55},"8":{"loc":{"start":{"line":58,"column":4},"end":{"line":60,"column":null}},"type":"if","locations":[{"start":{"line":58,"column":4},"end":{"line":60,"column":null}},{"start":{},"end":{}}],"line":58},"9":{"loc":{"start":{"line":62,"column":4},"end":{"line":68,"column":null}},"type":"if","locations":[{"start":{"line":62,"column":4},"end":{"line":68,"column":null}},{"start":{},"end":{}}],"line":62},"10":{"loc":{"start":{"line":64,"column":8},"end":{"line":66,"column":null}},"type":"binary-expr","locations":[{"start":{"line":64,"column":8},"end":{"line":64,"column":57}},{"start":{"line":65,"column":8},"end":{"line":65,"column":60}},{"start":{"line":66,"column":8},"end":{"line":66,"column":null}}],"line":64},"11":{"loc":{"start":{"line":78,"column":2},"end":{"line":78,"column":null}},"type":"if","locations":[{"start":{"line":78,"column":2},"end":{"line":78,"column":null}},{"start":{},"end":{}}],"line":78},"12":{"loc":{"start":{"line":80,"column":2},"end":{"line":82,"column":null}},"type":"if","locations":[{"start":{"line":80,"column":2},"end":{"line":82,"column":null}},{"start":{},"end":{}}],"line":80},"13":{"loc":{"start":{"line":84,"column":2},"end":{"line":112,"column":null}},"type":"if","locations":[{"start":{"line":84,"column":2},"end":{"line":112,"column":null}},{"start":{},"end":{}}],"line":84},"14":{"loc":{"start":{"line":85,"column":20},"end":{"line":85,"column":34}},"type":"binary-expr","locations":[{"start":{"line":85,"column":20},"end":{"line":85,"column":28}},{"start":{"line":85,"column":32},"end":{"line":85,"column":34}}],"line":85},"15":{"loc":{"start":{"line":86,"column":24},"end":{"line":86,"column":42}},"type":"binary-expr","locations":[{"start":{"line":86,"column":24},"end":{"line":86,"column":36}},{"start":{"line":86,"column":40},"end":{"line":86,"column":42}}],"line":86},"16":{"loc":{"start":{"line":87,"column":27},"end":{"line":87,"column":48}},"type":"binary-expr","locations":[{"start":{"line":87,"column":27},"end":{"line":87,"column":42}},{"start":{"line":87,"column":46},"end":{"line":87,"column":48}}],"line":87},"17":{"loc":{"start":{"line":88,"column":25},"end":{"line":88,"column":44}},"type":"binary-expr","locations":[{"start":{"line":88,"column":25},"end":{"line":88,"column":38}},{"start":{"line":88,"column":42},"end":{"line":88,"column":44}}],"line":88},"18":{"loc":{"start":{"line":89,"column":28},"end":{"line":89,"column":50}},"type":"binary-expr","locations":[{"start":{"line":89,"column":28},"end":{"line":89,"column":44}},{"start":{"line":89,"column":48},"end":{"line":89,"column":50}}],"line":89},"19":{"loc":{"start":{"line":90,"column":24},"end":{"line":90,"column":42}},"type":"binary-expr","locations":[{"start":{"line":90,"column":24},"end":{"line":90,"column":36}},{"start":{"line":90,"column":40},"end":{"line":90,"column":42}}],"line":90},"20":{"loc":{"start":{"line":91,"column":25},"end":{"line":91,"column":44}},"type":"binary-expr","locations":[{"start":{"line":91,"column":25},"end":{"line":91,"column":38}},{"start":{"line":91,"column":42},"end":{"line":91,"column":44}}],"line":91},"21":{"loc":{"start":{"line":92,"column":24},"end":{"line":92,"column":42}},"type":"binary-expr","locations":[{"start":{"line":92,"column":24},"end":{"line":92,"column":36}},{"start":{"line":92,"column":40},"end":{"line":92,"column":42}}],"line":92},"22":{"loc":{"start":{"line":93,"column":17},"end":{"line":93,"column":64}},"type":"cond-expr","locations":[{"start":{"line":93,"column":47},"end":{"line":93,"column":59}},{"start":{"line":93,"column":62},"end":{"line":93,"column":64}}],"line":93},"23":{"loc":{"start":{"line":94,"column":24},"end":{"line":94,"column":42}},"type":"binary-expr","locations":[{"start":{"line":94,"column":24},"end":{"line":94,"column":36}},{"start":{"line":94,"column":40},"end":{"line":94,"column":42}}],"line":94},"24":{"loc":{"start":{"line":96,"column":4},"end":{"line":98,"column":null}},"type":"if","locations":[{"start":{"line":96,"column":4},"end":{"line":98,"column":null}},{"start":{},"end":{}}],"line":96},"25":{"loc":{"start":{"line":96,"column":8},"end":{"line":96,"column":85}},"type":"binary-expr","locations":[{"start":{"line":96,"column":8},"end":{"line":96,"column":13}},{"start":{"line":96,"column":17},"end":{"line":96,"column":23}},{"start":{"line":96,"column":27},"end":{"line":96,"column":36}},{"start":{"line":96,"column":40},"end":{"line":96,"column":45}},{"start":{"line":96,"column":49},"end":{"line":96,"column":55}},{"start":{"line":96,"column":59},"end":{"line":96,"column":64}},{"start":{"line":96,"column":68},"end":{"line":96,"column":85}}],"line":96},"26":{"loc":{"start":{"line":103,"column":15},"end":{"line":103,"column":34}},"type":"binary-expr","locations":[{"start":{"line":103,"column":15},"end":{"line":103,"column":22}},{"start":{"line":103,"column":26},"end":{"line":103,"column":34}}],"line":103},"27":{"loc":{"start":{"line":114,"column":2},"end":{"line":139,"column":null}},"type":"if","locations":[{"start":{"line":114,"column":2},"end":{"line":139,"column":null}},{"start":{},"end":{}}],"line":114},"28":{"loc":{"start":{"line":116,"column":25},"end":{"line":116,"column":45}},"type":"binary-expr","locations":[{"start":{"line":116,"column":25},"end":{"line":116,"column":39}},{"start":{"line":116,"column":43},"end":{"line":116,"column":45}}],"line":116},"29":{"loc":{"start":{"line":117,"column":24},"end":{"line":117,"column":43}},"type":"binary-expr","locations":[{"start":{"line":117,"column":24},"end":{"line":117,"column":37}},{"start":{"line":117,"column":41},"end":{"line":117,"column":43}}],"line":117},"30":{"loc":{"start":{"line":118,"column":17},"end":{"line":118,"column":127}},"type":"cond-expr","locations":[{"start":{"line":118,"column":48},"end":{"line":118,"column":122}},{"start":{"line":118,"column":125},"end":{"line":118,"column":127}}],"line":118},"31":{"loc":{"start":{"line":120,"column":4},"end":{"line":122,"column":null}},"type":"if","locations":[{"start":{"line":120,"column":4},"end":{"line":122,"column":null}},{"start":{},"end":{}}],"line":120},"32":{"loc":{"start":{"line":120,"column":8},"end":{"line":120,"column":58}},"type":"binary-expr","locations":[{"start":{"line":120,"column":8},"end":{"line":120,"column":18}},{"start":{"line":120,"column":22},"end":{"line":120,"column":28}},{"start":{"line":120,"column":32},"end":{"line":120,"column":37}},{"start":{"line":120,"column":41},"end":{"line":120,"column":58}}],"line":120},"33":{"loc":{"start":{"line":130,"column":6},"end":{"line":132,"column":null}},"type":"if","locations":[{"start":{"line":130,"column":6},"end":{"line":132,"column":null}},{"start":{},"end":{}}],"line":130},"34":{"loc":{"start":{"line":143,"column":2},"end":{"line":143,"column":null}},"type":"if","locations":[{"start":{"line":143,"column":2},"end":{"line":143,"column":null}},{"start":{},"end":{}}],"line":143},"35":{"loc":{"start":{"line":160,"column":2},"end":{"line":160,"column":null}},"type":"if","locations":[{"start":{"line":160,"column":2},"end":{"line":160,"column":null}},{"start":{},"end":{}}],"line":160},"36":{"loc":{"start":{"line":163,"column":2},"end":{"line":165,"column":null}},"type":"if","locations":[{"start":{"line":163,"column":2},"end":{"line":165,"column":null}},{"start":{},"end":{}}],"line":163},"37":{"loc":{"start":{"line":177,"column":2},"end":{"line":177,"column":null}},"type":"if","locations":[{"start":{"line":177,"column":2},"end":{"line":177,"column":null}},{"start":{},"end":{}}],"line":177},"38":{"loc":{"start":{"line":179,"column":2},"end":{"line":188,"column":null}},"type":"if","locations":[{"start":{"line":179,"column":2},"end":{"line":188,"column":null}},{"start":{},"end":{}}],"line":179},"39":{"loc":{"start":{"line":190,"column":2},"end":{"line":206,"column":null}},"type":"if","locations":[{"start":{"line":190,"column":2},"end":{"line":206,"column":null}},{"start":{},"end":{}}],"line":190},"40":{"loc":{"start":{"line":191,"column":24},"end":{"line":191,"column":43}},"type":"binary-expr","locations":[{"start":{"line":191,"column":24},"end":{"line":191,"column":37}},{"start":{"line":191,"column":41},"end":{"line":191,"column":43}}],"line":191},"41":{"loc":{"start":{"line":192,"column":4},"end":{"line":194,"column":null}},"type":"if","locations":[{"start":{"line":192,"column":4},"end":{"line":194,"column":null}},{"start":{},"end":{}}],"line":192},"42":{"loc":{"start":{"line":200,"column":6},"end":{"line":202,"column":null}},"type":"if","locations":[{"start":{"line":200,"column":6},"end":{"line":202,"column":null}},{"start":{},"end":{}}],"line":200},"43":{"loc":{"start":{"line":210,"column":2},"end":{"line":210,"column":null}},"type":"if","locations":[{"start":{"line":210,"column":2},"end":{"line":210,"column":null}},{"start":{},"end":{}}],"line":210},"44":{"loc":{"start":{"line":213,"column":2},"end":{"line":215,"column":null}},"type":"if","locations":[{"start":{"line":213,"column":2},"end":{"line":215,"column":null}},{"start":{},"end":{}}],"line":213},"45":{"loc":{"start":{"line":227,"column":2},"end":{"line":227,"column":null}},"type":"if","locations":[{"start":{"line":227,"column":2},"end":{"line":227,"column":null}},{"start":{},"end":{}}],"line":227},"46":{"loc":{"start":{"line":230,"column":25},"end":{"line":230,"column":43}},"type":"binary-expr","locations":[{"start":{"line":230,"column":25},"end":{"line":230,"column":37}},{"start":{"line":230,"column":41},"end":{"line":230,"column":43}}],"line":230},"47":{"loc":{"start":{"line":232,"column":2},"end":{"line":234,"column":null}},"type":"if","locations":[{"start":{"line":232,"column":2},"end":{"line":234,"column":null}},{"start":{},"end":{}}],"line":232},"48":{"loc":{"start":{"line":232,"column":6},"end":{"line":232,"column":28}},"type":"binary-expr","locations":[{"start":{"line":232,"column":6},"end":{"line":232,"column":16}},{"start":{"line":232,"column":20},"end":{"line":232,"column":28}}],"line":232},"49":{"loc":{"start":{"line":246,"column":2},"end":{"line":246,"column":null}},"type":"if","locations":[{"start":{"line":246,"column":2},"end":{"line":246,"column":null}},{"start":{},"end":{}}],"line":246},"50":{"loc":{"start":{"line":250,"column":2},"end":{"line":252,"column":null}},"type":"if","locations":[{"start":{"line":250,"column":2},"end":{"line":252,"column":null}},{"start":{},"end":{}}],"line":250},"51":{"loc":{"start":{"line":250,"column":6},"end":{"line":250,"column":26}},"type":"binary-expr","locations":[{"start":{"line":250,"column":6},"end":{"line":250,"column":16}},{"start":{"line":250,"column":20},"end":{"line":250,"column":26}}],"line":250}},"s":{"0":11,"1":1,"2":1,"3":10,"4":2,"5":2,"6":2,"7":0,"8":2,"9":2,"10":2,"11":0,"12":0,"13":2,"14":4,"15":4,"16":4,"17":4,"18":4,"19":4,"20":4,"21":2,"22":2,"23":4,"24":0,"25":0,"26":0,"27":4,"28":0,"29":0,"30":3,"31":0,"32":3,"33":1,"34":2,"35":1,"36":1,"37":1,"38":1,"39":1,"40":1,"41":1,"42":1,"43":1,"44":1,"45":1,"46":0,"47":1,"48":1,"49":1,"50":1,"51":0,"52":0,"53":2,"54":1,"55":1,"56":1,"57":1,"58":1,"59":1,"60":0,"61":1,"62":1,"63":1,"64":0,"65":1,"66":0,"67":0,"68":1,"69":0,"70":1,"71":1,"72":1,"73":0,"74":0,"75":1,"76":0,"77":1,"78":1,"79":0,"80":1,"81":1,"82":1,"83":0,"84":0,"85":3,"86":1,"87":2,"88":1,"89":1,"90":1,"91":0,"92":0,"93":1,"94":1,"95":1,"96":1,"97":0,"98":1,"99":1,"100":1,"101":0,"102":0,"103":0,"104":0,"105":1,"106":0,"107":1,"108":1,"109":0,"110":1,"111":1,"112":1,"113":0,"114":0,"115":1,"116":0,"117":1,"118":1,"119":1,"120":0,"121":1,"122":1,"123":1,"124":0,"125":0,"126":1,"127":0,"128":1,"129":1,"130":1,"131":0,"132":1,"133":1,"134":1,"135":0,"136":0},"f":{"0":11,"1":2,"2":4,"3":4,"4":2,"5":0,"6":0,"7":3,"8":1,"9":1,"10":1,"11":3,"12":1,"13":1,"14":1},"b":{"0":[1,10],"1":[2,0],"2":[0,2],"3":[2,0],"4":[4,2],"5":[4,4],"6":[4,0],"7":[4,0],"8":[2,2],"9":[0,4],"10":[0,0,0],"11":[0,3],"12":[1,2],"13":[1,1],"14":[1,0],"15":[1,0],"16":[1,0],"17":[1,0],"18":[1,0],"19":[1,0],"20":[1,0],"21":[1,0],"22":[1,0],"23":[1,0],"24":[0,1],"25":[1,1,1,1,1,1,1],"26":[1,0],"27":[1,1],"28":[1,0],"29":[1,0],"30":[1,0],"31":[0,1],"32":[1,1,1,1],"33":[0,1],"34":[0,1],"35":[0,1],"36":[0,1],"37":[1,2],"38":[1,1],"39":[1,0],"40":[1,0],"41":[0,1],"42":[0,0],"43":[0,1],"44":[0,1],"45":[0,1],"46":[1,0],"47":[0,1],"48":[1,1],"49":[0,1],"50":[0,1],"51":[1,1]},"meta":{"lastBranch":52,"lastFunction":15,"lastStatement":137,"seen":{"f:3:9:3:21":0,"b:4:2:7:Infinity:undefined:undefined:undefined:undefined":0,"s:4:2:7:Infinity":0,"s:5:4:5:Infinity":1,"s:6:4:6:Infinity":2,"s:9:2:9:Infinity":3,"f:12:15:12:25":1,"s:13:2:30:Infinity":4,"s:14:17:14:45":5,"b:14:24:14:31:14:35:14:37":1,"b:15:4:15:Infinity:undefined:undefined:undefined:undefined":2,"s:15:4:15:Infinity":6,"s:15:15:15:Infinity":7,"s:17:20:17:84":8,"b:19:4:24:Infinity:21:11:24:Infinity":3,"s:19:4:24:Infinity":9,"s:20:6:20:Infinity":10,"s:22:26:22:90":11,"s:23:6:23:Infinity":12,"s:26:4:29:Infinity":13,"f:33:22:33:40":2,"s:36:20:36:54":14,"b:36:27:36:40:36:44:36:46":4,"s:37:22:37:68":15,"b:37:29:37:40:37:44:37:46":5,"s:39:2:74:Infinity":16,"s:40:19:49:6":17,"s:51:19:56:7":18,"f:51:28:51:29":3,"s:51:42:56:5":19,"b:54:27:54:51:54:54:54:56":6,"b:55:32:55:70:55:73:55:Infinity":7,"b:58:4:60:Infinity:undefined:undefined:undefined:undefined":8,"s:58:4:60:Infinity":20,"s:59:6:59:Infinity":21,"f:59:33:59:34":4,"s:59:46:59:78":22,"b:62:4:68:Infinity:undefined:undefined:undefined:undefined":9,"s:62:4:68:Infinity":23,"s:63:6:67:Infinity":24,"f:63:33:63:34":5,"s:64:8:66:Infinity":25,"b:64:8:64:57:65:8:65:60:66:8:66:Infinity":10,"f:66:26:66:27":6,"s:66:41:66:86":26,"s:70:4:70:Infinity":27,"s:72:4:72:Infinity":28,"s:73:4:73:Infinity":29,"f:77:22:77:42":7,"b:78:2:78:Infinity:undefined:undefined:undefined:undefined":11,"s:78:2:78:Infinity":30,"s:78:31:78:Infinity":31,"b:80:2:82:Infinity:undefined:undefined:undefined:undefined":12,"s:80:2:82:Infinity":32,"s:81:4:81:Infinity":33,"b:84:2:112:Infinity:undefined:undefined:undefined:undefined":13,"s:84:2:112:Infinity":34,"s:85:20:85:34":35,"b:85:20:85:28:85:32:85:34":14,"s:86:17:86:50":36,"b:86:24:86:36:86:40:86:42":15,"s:87:20:87:56":37,"b:87:27:87:42:87:46:87:48":16,"s:88:18:88:52":38,"b:88:25:88:38:88:42:88:44":17,"s:89:21:89:58":39,"b:89:28:89:44:89:48:89:50":18,"s:90:17:90:50":40,"b:90:24:90:36:90:40:90:42":19,"s:91:18:91:52":41,"b:91:25:91:38:91:42:91:44":20,"s:92:17:92:50":42,"b:92:24:92:36:92:40:92:42":21,"s:93:17:93:64":43,"b:93:47:93:59:93:62:93:64":22,"s:94:17:94:54":44,"b:94:24:94:36:94:40:94:42":23,"b:96:4:98:Infinity:undefined:undefined:undefined:undefined":24,"s:96:4:98:Infinity":45,"b:96:8:96:13:96:17:96:23:96:27:96:36:96:40:96:45:96:49:96:55:96:59:96:64:96:68:96:85":25,"s:97:6:97:Infinity":46,"s:100:4:111:Infinity":47,"s:101:23:104:7":48,"b:103:15:103:22:103:26:103:34":26,"s:105:6:105:Infinity":49,"s:107:6:107:Infinity":50,"s:109:6:109:Infinity":51,"s:110:6:110:Infinity":52,"b:114:2:139:Infinity:undefined:undefined:undefined:undefined":27,"s:114:2:139:Infinity":53,"s:115:22:115:43":54,"s:116:18:116:53":55,"b:116:25:116:39:116:43:116:45":28,"s:117:17:117:51":56,"b:117:24:117:37:117:41:117:43":29,"s:118:17:118:127":57,"b:118:48:118:122:118:125:118:127":30,"f:118:66:118:67":8,"s:118:81:118:105":58,"b:120:4:122:Infinity:undefined:undefined:undefined:undefined":31,"s:120:4:122:Infinity":59,"b:120:8:120:18:120:22:120:28:120:32:120:37:120:41:120:58":32,"s:121:6:121:Infinity":60,"s:124:4:138:Infinity":61,"s:125:23:128:7":62,"b:130:6:132:Infinity:undefined:undefined:undefined:undefined":33,"s:130:6:132:Infinity":63,"s:131:8:131:Infinity":64,"s:134:6:134:Infinity":65,"s:136:6:136:Infinity":66,"s:137:6:137:Infinity":67,"f:142:22:142:42":9,"b:143:2:143:Infinity:undefined:undefined:undefined:undefined":34,"s:143:2:143:Infinity":68,"s:143:31:143:Infinity":69,"s:145:2:156:Infinity":70,"s:146:19:150:6":71,"s:152:4:152:Infinity":72,"s:154:4:154:Infinity":73,"s:155:4:155:Infinity":74,"f:159:22:159:47":10,"b:160:2:160:Infinity:undefined:undefined:undefined:undefined":35,"s:160:2:160:Infinity":75,"s:160:31:160:Infinity":76,"s:162:20:162:41":77,"b:163:2:165:Infinity:undefined:undefined:undefined:undefined":36,"s:163:2:165:Infinity":78,"s:164:4:164:Infinity":79,"s:167:2:173:Infinity":80,"s:168:4:168:Infinity":81,"s:169:4:169:Infinity":82,"s:171:4:171:Infinity":83,"s:172:4:172:Infinity":84,"f:176:22:176:38":11,"b:177:2:177:Infinity:undefined:undefined:undefined:undefined":37,"s:177:2:177:Infinity":85,"s:177:31:177:Infinity":86,"b:179:2:188:Infinity:undefined:undefined:undefined:undefined":38,"s:179:2:188:Infinity":87,"s:180:4:186:Infinity":88,"s:181:21:181:86":89,"s:182:6:182:Infinity":90,"s:184:6:184:Infinity":91,"s:185:6:185:Infinity":92,"s:187:4:187:Infinity":93,"b:190:2:206:Infinity:undefined:undefined:undefined:undefined":39,"s:190:2:206:Infinity":94,"s:191:17:191:51":95,"b:191:24:191:37:191:41:191:43":40,"b:192:4:194:Infinity:undefined:undefined:undefined:undefined":41,"s:192:4:194:Infinity":96,"s:193:6:193:Infinity":97,"s:196:4:205:Infinity":98,"s:197:23:197:87":99,"s:198:6:198:Infinity":100,"b:200:6:202:Infinity:undefined:undefined:undefined:undefined":42,"s:200:6:202:Infinity":101,"s:201:8:201:Infinity":102,"s:203:6:203:Infinity":103,"s:204:6:204:Infinity":104,"f:209:22:209:43":12,"b:210:2:210:Infinity:undefined:undefined:undefined:undefined":43,"s:210:2:210:Infinity":105,"s:210:31:210:Infinity":106,"s:212:16:212:37":107,"b:213:2:215:Infinity:undefined:undefined:undefined:undefined":44,"s:213:2:215:Infinity":108,"s:214:4:214:Infinity":109,"s:217:2:223:Infinity":110,"s:218:4:218:Infinity":111,"s:219:4:219:Infinity":112,"s:221:4:221:Infinity":113,"s:222:4:222:Infinity":114,"f:226:22:226:45":13,"b:227:2:227:Infinity:undefined:undefined:undefined:undefined":45,"s:227:2:227:Infinity":115,"s:227:31:227:Infinity":116,"s:229:20:229:41":117,"s:230:18:230:51":118,"b:230:25:230:37:230:41:230:43":46,"b:232:2:234:Infinity:undefined:undefined:undefined:undefined":47,"s:232:2:234:Infinity":119,"b:232:6:232:16:232:20:232:28":48,"s:233:4:233:Infinity":120,"s:236:2:242:Infinity":121,"s:237:4:237:Infinity":122,"s:238:4:238:Infinity":123,"s:240:4:240:Infinity":124,"s:241:4:241:Infinity":125,"f:245:22:245:50":14,"b:246:2:246:Infinity:undefined:undefined:undefined:undefined":49,"s:246:2:246:Infinity":126,"s:246:31:246:Infinity":127,"s:248:20:248:41":128,"s:249:16:249:40":129,"b:250:2:252:Infinity:undefined:undefined:undefined:undefined":50,"s:250:2:252:Infinity":130,"b:250:6:250:16:250:20:250:26":51,"s:251:4:251:Infinity":131,"s:254:2:260:Infinity":132,"s:255:4:255:Infinity":133,"s:256:4:256:Infinity":134,"s:258:4:258:Infinity":135,"s:259:4:259:Infinity":136},"fnNames":{}}}
,"C:\\Users\\user\\Downloads\\my_project\\api\\comments.js": {"path":"C:\\Users\\user\\Downloads\\my_project\\api\\comments.js","statementMap":{"0":{"start":{"line":4,"column":21},"end":{"line":4,"column":63}},"1":{"start":{"line":6,"column":2},"end":{"line":8,"column":null}},"2":{"start":{"line":7,"column":4},"end":{"line":7,"column":null}},"3":{"start":{"line":10,"column":2},"end":{"line":25,"column":null}},"4":{"start":{"line":11,"column":19},"end":{"line":14,"column":5}},"5":{"start":{"line":16,"column":21},"end":{"line":19,"column":7}},"6":{"start":{"line":16,"column":44},"end":{"line":19,"column":5}},"7":{"start":{"line":21,"column":4},"end":{"line":21,"column":null}},"8":{"start":{"line":23,"column":4},"end":{"line":23,"column":null}},"9":{"start":{"line":24,"column":4},"end":{"line":24,"column":null}},"10":{"start":{"line":29,"column":2},"end":{"line":31,"column":null}},"11":{"start":{"line":30,"column":4},"end":{"line":30,"column":null}},"12":{"start":{"line":33,"column":21},"end":{"line":33,"column":63}},"13":{"start":{"line":34,"column":15},"end":{"line":34,"column":49}},"14":{"start":{"line":36,"column":2},"end":{"line":38,"column":null}},"15":{"start":{"line":37,"column":4},"end":{"line":37,"column":null}},"16":{"start":{"line":40,"column":2},"end":{"line":42,"column":null}},"17":{"start":{"line":41,"column":4},"end":{"line":41,"column":null}},"18":{"start":{"line":44,"column":2},"end":{"line":73,"column":null}},"19":{"start":{"line":45,"column":23},"end":{"line":45,"column":106}},"20":{"start":{"line":46,"column":17},"end":{"line":46,"column":28}},"21":{"start":{"line":48,"column":4},"end":{"line":50,"column":null}},"22":{"start":{"line":49,"column":6},"end":{"line":49,"column":null}},"23":{"start":{"line":52,"column":21},"end":{"line":55,"column":5}},"24":{"start":{"line":57,"column":19},"end":{"line":60,"column":5}},"25":{"start":{"line":62,"column":20},"end":{"line":62,"column":27}},"26":{"start":{"line":64,"column":4},"end":{"line":69,"column":null}},"27":{"start":{"line":71,"column":4},"end":{"line":71,"column":null}},"28":{"start":{"line":72,"column":4},"end":{"line":72,"column":null}},"29":{"start":{"line":78,"column":2},"end":{"line":80,"column":null}},"30":{"start":{"line":79,"column":4},"end":{"line":79,"column":null}},"31":{"start":{"line":82,"column":20},"end":{"line":82,"column":41}},"32":{"start":{"line":83,"column":15},"end":{"line":83,"column":49}},"33":{"start":{"line":85,"column":2},"end":{"line":87,"column":null}},"34":{"start":{"line":86,"column":4},"end":{"line":86,"column":null}},"35":{"start":{"line":89,"column":2},"end":{"line":91,"column":null}},"36":{"start":{"line":90,"column":4},"end":{"line":90,"column":null}},"37":{"start":{"line":93,"column":2},"end":{"line":110,"column":null}},"38":{"start":{"line":94,"column":19},"end":{"line":94,"column":99}},"39":{"start":{"line":95,"column":20},"end":{"line":95,"column":27}},"40":{"start":{"line":97,"column":4},"end":{"line":99,"column":null}},"41":{"start":{"line":98,"column":6},"end":{"line":98,"column":null}},"42":{"start":{"line":101,"column":4},"end":{"line":103,"column":null}},"43":{"start":{"line":102,"column":6},"end":{"line":102,"column":null}},"44":{"start":{"line":105,"column":4},"end":{"line":105,"column":null}},"45":{"start":{"line":106,"column":4},"end":{"line":106,"column":null}},"46":{"start":{"line":108,"column":4},"end":{"line":108,"column":null}},"47":{"start":{"line":109,"column":4},"end":{"line":109,"column":null}},"48":{"start":{"line":114,"column":2},"end":{"line":116,"column":null}},"49":{"start":{"line":115,"column":4},"end":{"line":115,"column":null}},"50":{"start":{"line":118,"column":20},"end":{"line":118,"column":41}},"51":{"start":{"line":119,"column":2},"end":{"line":121,"column":null}},"52":{"start":{"line":120,"column":4},"end":{"line":120,"column":null}},"53":{"start":{"line":123,"column":2},"end":{"line":140,"column":null}},"54":{"start":{"line":124,"column":19},"end":{"line":124,"column":99}},"55":{"start":{"line":125,"column":20},"end":{"line":125,"column":27}},"56":{"start":{"line":127,"column":4},"end":{"line":129,"column":null}},"57":{"start":{"line":128,"column":6},"end":{"line":128,"column":null}},"58":{"start":{"line":131,"column":4},"end":{"line":133,"column":null}},"59":{"start":{"line":132,"column":6},"end":{"line":132,"column":null}},"60":{"start":{"line":135,"column":4},"end":{"line":135,"column":null}},"61":{"start":{"line":136,"column":4},"end":{"line":136,"column":null}},"62":{"start":{"line":138,"column":4},"end":{"line":138,"column":null}},"63":{"start":{"line":139,"column":4},"end":{"line":139,"column":null}}},"fnMap":{"0":{"name":"getCommentsHandler","decl":{"start":{"line":3,"column":22},"end":{"line":3,"column":40}},"loc":{"start":{"line":3,"column":51},"end":{"line":26,"column":null}},"line":3},"1":{"name":"(anonymous_1)","decl":{"start":{"line":16,"column":30},"end":{"line":16,"column":31}},"loc":{"start":{"line":16,"column":44},"end":{"line":19,"column":5}},"line":16},"2":{"name":"createCommentHandler","decl":{"start":{"line":28,"column":22},"end":{"line":28,"column":42}},"loc":{"start":{"line":28,"column":53},"end":{"line":74,"column":null}},"line":28},"3":{"name":"updateOwnCommentHandler","decl":{"start":{"line":77,"column":22},"end":{"line":77,"column":45}},"loc":{"start":{"line":77,"column":56},"end":{"line":111,"column":null}},"line":77},"4":{"name":"deleteOwnCommentHandler","decl":{"start":{"line":113,"column":22},"end":{"line":113,"column":45}},"loc":{"start":{"line":113,"column":56},"end":{"line":141,"column":null}},"line":113}},"branchMap":{"0":{"loc":{"start":{"line":4,"column":28},"end":{"line":4,"column":55}},"type":"binary-expr","locations":[{"start":{"line":4,"column":28},"end":{"line":4,"column":49}},{"start":{"line":4,"column":53},"end":{"line":4,"column":55}}],"line":4},"1":{"loc":{"start":{"line":6,"column":2},"end":{"line":8,"column":null}},"type":"if","locations":[{"start":{"line":6,"column":2},"end":{"line":8,"column":null}},{"start":{},"end":{}}],"line":6},"2":{"loc":{"start":{"line":29,"column":2},"end":{"line":31,"column":null}},"type":"if","locations":[{"start":{"line":29,"column":2},"end":{"line":31,"column":null}},{"start":{},"end":{}}],"line":29},"3":{"loc":{"start":{"line":33,"column":28},"end":{"line":33,"column":55}},"type":"binary-expr","locations":[{"start":{"line":33,"column":28},"end":{"line":33,"column":49}},{"start":{"line":33,"column":53},"end":{"line":33,"column":55}}],"line":33},"4":{"loc":{"start":{"line":34,"column":22},"end":{"line":34,"column":41}},"type":"binary-expr","locations":[{"start":{"line":34,"column":22},"end":{"line":34,"column":35}},{"start":{"line":34,"column":39},"end":{"line":34,"column":41}}],"line":34},"5":{"loc":{"start":{"line":36,"column":2},"end":{"line":38,"column":null}},"type":"if","locations":[{"start":{"line":36,"column":2},"end":{"line":38,"column":null}},{"start":{},"end":{}}],"line":36},"6":{"loc":{"start":{"line":40,"column":2},"end":{"line":42,"column":null}},"type":"if","locations":[{"start":{"line":40,"column":2},"end":{"line":42,"column":null}},{"start":{},"end":{}}],"line":40},"7":{"loc":{"start":{"line":40,"column":6},"end":{"line":40,"column":42}},"type":"binary-expr","locations":[{"start":{"line":40,"column":6},"end":{"line":40,"column":21}},{"start":{"line":40,"column":25},"end":{"line":40,"column":42}}],"line":40},"8":{"loc":{"start":{"line":48,"column":4},"end":{"line":50,"column":null}},"type":"if","locations":[{"start":{"line":48,"column":4},"end":{"line":50,"column":null}},{"start":{},"end":{}}],"line":48},"9":{"loc":{"start":{"line":78,"column":2},"end":{"line":80,"column":null}},"type":"if","locations":[{"start":{"line":78,"column":2},"end":{"line":80,"column":null}},{"start":{},"end":{}}],"line":78},"10":{"loc":{"start":{"line":83,"column":22},"end":{"line":83,"column":41}},"type":"binary-expr","locations":[{"start":{"line":83,"column":22},"end":{"line":83,"column":35}},{"start":{"line":83,"column":39},"end":{"line":83,"column":41}}],"line":83},"11":{"loc":{"start":{"line":85,"column":2},"end":{"line":87,"column":null}},"type":"if","locations":[{"start":{"line":85,"column":2},"end":{"line":87,"column":null}},{"start":{},"end":{}}],"line":85},"12":{"loc":{"start":{"line":89,"column":2},"end":{"line":91,"column":null}},"type":"if","locations":[{"start":{"line":89,"column":2},"end":{"line":91,"column":null}},{"start":{},"end":{}}],"line":89},"13":{"loc":{"start":{"line":89,"column":6},"end":{"line":89,"column":42}},"type":"binary-expr","locations":[{"start":{"line":89,"column":6},"end":{"line":89,"column":21}},{"start":{"line":89,"column":25},"end":{"line":89,"column":42}}],"line":89},"14":{"loc":{"start":{"line":97,"column":4},"end":{"line":99,"column":null}},"type":"if","locations":[{"start":{"line":97,"column":4},"end":{"line":99,"column":null}},{"start":{},"end":{}}],"line":97},"15":{"loc":{"start":{"line":101,"column":4},"end":{"line":103,"column":null}},"type":"if","locations":[{"start":{"line":101,"column":4},"end":{"line":103,"column":null}},{"start":{},"end":{}}],"line":101},"16":{"loc":{"start":{"line":114,"column":2},"end":{"line":116,"column":null}},"type":"if","locations":[{"start":{"line":114,"column":2},"end":{"line":116,"column":null}},{"start":{},"end":{}}],"line":114},"17":{"loc":{"start":{"line":119,"column":2},"end":{"line":121,"column":null}},"type":"if","locations":[{"start":{"line":119,"column":2},"end":{"line":121,"column":null}},{"start":{},"end":{}}],"line":119},"18":{"loc":{"start":{"line":127,"column":4},"end":{"line":129,"column":null}},"type":"if","locations":[{"start":{"line":127,"column":4},"end":{"line":129,"column":null}},{"start":{},"end":{}}],"line":127},"19":{"loc":{"start":{"line":131,"column":4},"end":{"line":133,"column":null}},"type":"if","locations":[{"start":{"line":131,"column":4},"end":{"line":133,"column":null}},{"start":{},"end":{}}],"line":131}},"s":{"0":0,"1":0,"2":0,"3":0,"4":0,"5":0,"6":0,"7":0,"8":0,"9":0,"10":3,"11":1,"12":2,"13":3,"14":3,"15":0,"16":2,"17":1,"18":1,"19":1,"20":1,"21":1,"22":0,"23":1,"24":1,"25":1,"26":1,"27":0,"28":0,"29":1,"30":0,"31":1,"32":1,"33":1,"34":0,"35":1,"36":0,"37":1,"38":1,"39":1,"40":1,"41":0,"42":1,"43":0,"44":1,"45":1,"46":0,"47":0,"48":1,"49":0,"50":1,"51":1,"52":0,"53":1,"54":1,"55":1,"56":1,"57":0,"58":1,"59":0,"60":1,"61":1,"62":0,"63":0},"f":{"0":0,"1":0,"2":3,"3":1,"4":1},"b":{"0":[0,0],"1":[0,0],"2":[1,2],"3":[2,0],"4":[3,0],"5":[0,3],"6":[1,1],"7":[2,1],"8":[0,1],"9":[0,1],"10":[1,0],"11":[0,1],"12":[0,1],"13":[1,1],"14":[0,1],"15":[0,1],"16":[0,1],"17":[0,1],"18":[0,1],"19":[0,1]},"meta":{"lastBranch":20,"lastFunction":5,"lastStatement":64,"seen":{"f:3:22:3:40":0,"s:4:21:4:63":0,"b:4:28:4:49:4:53:4:55":0,"b:6:2:8:Infinity:undefined:undefined:undefined:undefined":1,"s:6:2:8:Infinity":1,"s:7:4:7:Infinity":2,"s:10:2:25:Infinity":3,"s:11:19:14:5":4,"s:16:21:19:7":5,"f:16:30:16:31":1,"s:16:44:19:5":6,"s:21:4:21:Infinity":7,"s:23:4:23:Infinity":8,"s:24:4:24:Infinity":9,"f:28:22:28:42":2,"b:29:2:31:Infinity:undefined:undefined:undefined:undefined":2,"s:29:2:31:Infinity":10,"s:30:4:30:Infinity":11,"s:33:21:33:63":12,"b:33:28:33:49:33:53:33:55":3,"s:34:15:34:49":13,"b:34:22:34:35:34:39:34:41":4,"b:36:2:38:Infinity:undefined:undefined:undefined:undefined":5,"s:36:2:38:Infinity":14,"s:37:4:37:Infinity":15,"b:40:2:42:Infinity:undefined:undefined:undefined:undefined":6,"s:40:2:42:Infinity":16,"b:40:6:40:21:40:25:40:42":7,"s:41:4:41:Infinity":17,"s:44:2:73:Infinity":18,"s:45:23:45:106":19,"s:46:17:46:28":20,"b:48:4:50:Infinity:undefined:undefined:undefined:undefined":8,"s:48:4:50:Infinity":21,"s:49:6:49:Infinity":22,"s:52:21:55:5":23,"s:57:19:60:5":24,"s:62:20:62:27":25,"s:64:4:69:Infinity":26,"s:71:4:71:Infinity":27,"s:72:4:72:Infinity":28,"f:77:22:77:45":3,"b:78:2:80:Infinity:undefined:undefined:undefined:undefined":9,"s:78:2:80:Infinity":29,"s:79:4:79:Infinity":30,"s:82:20:82:41":31,"s:83:15:83:49":32,"b:83:22:83:35:83:39:83:41":10,"b:85:2:87:Infinity:undefined:undefined:undefined:undefined":11,"s:85:2:87:Infinity":33,"s:86:4:86:Infinity":34,"b:89:2:91:Infinity:undefined:undefined:undefined:undefined":12,"s:89:2:91:Infinity":35,"b:89:6:89:21:89:25:89:42":13,"s:90:4:90:Infinity":36,"s:93:2:110:Infinity":37,"s:94:19:94:99":38,"s:95:20:95:27":39,"b:97:4:99:Infinity:undefined:undefined:undefined:undefined":14,"s:97:4:99:Infinity":40,"s:98:6:98:Infinity":41,"b:101:4:103:Infinity:undefined:undefined:undefined:undefined":15,"s:101:4:103:Infinity":42,"s:102:6:102:Infinity":43,"s:105:4:105:Infinity":44,"s:106:4:106:Infinity":45,"s:108:4:108:Infinity":46,"s:109:4:109:Infinity":47,"f:113:22:113:45":4,"b:114:2:116:Infinity:undefined:undefined:undefined:undefined":16,"s:114:2:116:Infinity":48,"s:115:4:115:Infinity":49,"s:118:20:118:41":50,"b:119:2:121:Infinity:undefined:undefined:undefined:undefined":17,"s:119:2:121:Infinity":51,"s:120:4:120:Infinity":52,"s:123:2:140:Infinity":53,"s:124:19:124:99":54,"s:125:20:125:27":55,"b:127:4:129:Infinity:undefined:undefined:undefined:undefined":18,"s:127:4:129:Infinity":56,"s:128:6:128:Infinity":57,"b:131:4:133:Infinity:undefined:undefined:undefined:undefined":19,"s:131:4:133:Infinity":58,"s:132:6:132:Infinity":59,"s:135:4:135:Infinity":60,"s:136:4:136:Infinity":61,"s:138:4:138:Infinity":62,"s:139:4:139:Infinity":63},"fnNames":{}}}
,"C:\\Users\\user\\Downloads\\my_project\\api\\login.js": {"path":"C:\\Users\\user\\Downloads\\my_project\\api\\login.js","statementMap":{"0":{"start":{"line":7,"column":22},"end":{"line":7,"column":31}},"1":{"start":{"line":8,"column":21},"end":{"line":8,"column":22}},"2":{"start":{"line":9,"column":19},"end":{"line":9,"column":33}},"3":{"start":{"line":12,"column":16},"end":{"line":12,"column":38}},"4":{"start":{"line":13,"column":2},"end":{"line":13,"column":null}},"5":{"start":{"line":13,"column":14},"end":{"line":13,"column":null}},"6":{"start":{"line":14,"column":2},"end":{"line":14,"column":null}},"7":{"start":{"line":18,"column":16},"end":{"line":18,"column":36}},"8":{"start":{"line":19,"column":16},"end":{"line":19,"column":31}},"9":{"start":{"line":20,"column":22},"end":{"line":20,"column":73}},"10":{"start":{"line":21,"column":2},"end":{"line":21,"column":null}},"11":{"start":{"line":25,"column":2},"end":{"line":25,"column":null}},"12":{"start":{"line":29,"column":16},"end":{"line":29,"column":65}},"13":{"start":{"line":30,"column":19},"end":{"line":30,"column":50}},"14":{"start":{"line":31,"column":21},"end":{"line":31,"column":41}},"15":{"start":{"line":33,"column":26},"end":{"line":33,"column":53}},"16":{"start":{"line":34,"column":2},"end":{"line":37,"column":null}},"17":{"start":{"line":35,"column":24},"end":{"line":35,"column":69}},"18":{"start":{"line":36,"column":4},"end":{"line":36,"column":null}},"19":{"start":{"line":39,"column":2},"end":{"line":57,"column":null}},"20":{"start":{"line":40,"column":19},"end":{"line":40,"column":120}},"21":{"start":{"line":41,"column":17},"end":{"line":41,"column":24}},"22":{"start":{"line":43,"column":4},"end":{"line":46,"column":null}},"23":{"start":{"line":44,"column":6},"end":{"line":44,"column":null}},"24":{"start":{"line":45,"column":6},"end":{"line":45,"column":null}},"25":{"start":{"line":48,"column":4},"end":{"line":48,"column":null}},"26":{"start":{"line":50,"column":4},"end":{"line":54,"column":null}},"27":{"start":{"line":51,"column":6},"end":{"line":51,"column":null}},"28":{"start":{"line":51,"column":17},"end":{"line":51,"column":null}},"29":{"start":{"line":52,"column":6},"end":{"line":52,"column":null}},"30":{"start":{"line":53,"column":6},"end":{"line":53,"column":null}},"31":{"start":{"line":56,"column":4},"end":{"line":56,"column":null}}},"fnMap":{"0":{"name":"getAttemptState","decl":{"start":{"line":11,"column":9},"end":{"line":11,"column":24}},"loc":{"start":{"line":11,"column":30},"end":{"line":15,"column":null}},"line":11},"1":{"name":"registerFailedAttempt","decl":{"start":{"line":17,"column":9},"end":{"line":17,"column":30}},"loc":{"start":{"line":17,"column":36},"end":{"line":22,"column":null}},"line":17},"2":{"name":"clearAttempts","decl":{"start":{"line":24,"column":9},"end":{"line":24,"column":22}},"loc":{"start":{"line":24,"column":28},"end":{"line":26,"column":null}},"line":24},"3":{"name":"loginHandler","decl":{"start":{"line":28,"column":22},"end":{"line":28,"column":34}},"loc":{"start":{"line":28,"column":45},"end":{"line":58,"column":null}},"line":28},"4":{"name":"(anonymous_4)","decl":{"start":{"line":50,"column":27},"end":{"line":50,"column":28}},"loc":{"start":{"line":50,"column":38},"end":{"line":54,"column":5}},"line":50}},"branchMap":{"0":{"loc":{"start":{"line":13,"column":2},"end":{"line":13,"column":null}},"type":"if","locations":[{"start":{"line":13,"column":2},"end":{"line":13,"column":null}},{"start":{},"end":{}}],"line":13},"1":{"loc":{"start":{"line":20,"column":22},"end":{"line":20,"column":73}},"type":"cond-expr","locations":[{"start":{"line":20,"column":46},"end":{"line":20,"column":69}},{"start":{"line":20,"column":72},"end":{"line":20,"column":73}}],"line":20},"2":{"loc":{"start":{"line":29,"column":23},"end":{"line":29,"column":43}},"type":"binary-expr","locations":[{"start":{"line":29,"column":23},"end":{"line":29,"column":37}},{"start":{"line":29,"column":41},"end":{"line":29,"column":43}}],"line":29},"3":{"loc":{"start":{"line":30,"column":26},"end":{"line":30,"column":49}},"type":"binary-expr","locations":[{"start":{"line":30,"column":26},"end":{"line":30,"column":43}},{"start":{"line":30,"column":47},"end":{"line":30,"column":49}}],"line":30},"4":{"loc":{"start":{"line":34,"column":2},"end":{"line":37,"column":null}},"type":"if","locations":[{"start":{"line":34,"column":2},"end":{"line":37,"column":null}},{"start":{},"end":{}}],"line":34},"5":{"loc":{"start":{"line":34,"column":6},"end":{"line":34,"column":45}},"type":"binary-expr","locations":[{"start":{"line":34,"column":6},"end":{"line":34,"column":17}},{"start":{"line":34,"column":21},"end":{"line":34,"column":45}}],"line":34},"6":{"loc":{"start":{"line":43,"column":4},"end":{"line":46,"column":null}},"type":"if","locations":[{"start":{"line":43,"column":4},"end":{"line":46,"column":null}},{"start":{},"end":{}}],"line":43},"7":{"loc":{"start":{"line":43,"column":8},"end":{"line":43,"column":70}},"type":"binary-expr","locations":[{"start":{"line":43,"column":8},"end":{"line":43,"column":13}},{"start":{"line":43,"column":17},"end":{"line":43,"column":70}}],"line":43},"8":{"loc":{"start":{"line":51,"column":6},"end":{"line":51,"column":null}},"type":"if","locations":[{"start":{"line":51,"column":6},"end":{"line":51,"column":null}},{"start":{},"end":{}}],"line":51}},"s":{"0":1,"1":1,"2":1,"3":9,"4":9,"5":8,"6":1,"7":1,"8":1,"9":1,"10":1,"11":7,"12":8,"13":8,"14":8,"15":8,"16":8,"17":0,"18":0,"19":8,"20":8,"21":8,"22":8,"23":1,"24":1,"25":7,"26":7,"27":7,"28":0,"29":7,"30":7,"31":0},"f":{"0":9,"1":1,"2":7,"3":8,"4":7},"b":{"0":[8,1],"1":[0,1],"2":[8,0],"3":[8,0],"4":[0,8],"5":[8,0],"6":[1,7],"7":[8,8],"8":[0,7]},"meta":{"lastBranch":9,"lastFunction":5,"lastStatement":32,"seen":{"s:7:22:7:31":0,"s:8:21:8:22":1,"s:9:19:9:33":2,"f:11:9:11:24":0,"s:12:16:12:38":3,"b:13:2:13:Infinity:undefined:undefined:undefined:undefined":0,"s:13:2:13:Infinity":4,"s:13:14:13:Infinity":5,"s:14:2:14:Infinity":6,"f:17:9:17:30":1,"s:18:16:18:36":7,"s:19:16:19:31":8,"s:20:22:20:73":9,"b:20:46:20:69:20:72:20:73":1,"s:21:2:21:Infinity":10,"f:24:9:24:22":2,"s:25:2:25:Infinity":11,"f:28:22:28:34":3,"s:29:16:29:65":12,"b:29:23:29:37:29:41:29:43":2,"s:30:19:30:50":13,"b:30:26:30:43:30:47:30:49":3,"s:31:21:31:41":14,"s:33:26:33:53":15,"b:34:2:37:Infinity:undefined:undefined:undefined:undefined":4,"s:34:2:37:Infinity":16,"b:34:6:34:17:34:21:34:45":5,"s:35:24:35:69":17,"s:36:4:36:Infinity":18,"s:39:2:57:Infinity":19,"s:40:19:40:120":20,"s:41:17:41:24":21,"b:43:4:46:Infinity:undefined:undefined:undefined:undefined":6,"s:43:4:46:Infinity":22,"b:43:8:43:13:43:17:43:70":7,"s:44:6:44:Infinity":23,"s:45:6:45:Infinity":24,"s:48:4:48:Infinity":25,"s:50:4:54:Infinity":26,"f:50:27:50:28":4,"b:51:6:51:Infinity:undefined:undefined:undefined:undefined":8,"s:51:6:51:Infinity":27,"s:51:17:51:Infinity":28,"s:52:6:52:Infinity":29,"s:53:6:53:Infinity":30,"s:56:4:56:Infinity":31},"fnNames":{}}}
,"C:\\Users\\user\\Downloads\\my_project\\api\\logout.js": {"path":"C:\\Users\\user\\Downloads\\my_project\\api\\logout.js","statementMap":{"0":{"start":{"line":2,"column":2},"end":{"line":2,"column":null}},"1":{"start":{"line":2,"column":28},"end":{"line":2,"column":55}}},"fnMap":{"0":{"name":"logoutHandler","decl":{"start":{"line":1,"column":16},"end":{"line":1,"column":29}},"loc":{"start":{"line":1,"column":40},"end":{"line":3,"column":null}},"line":1},"1":{"name":"(anonymous_1)","decl":{"start":{"line":2,"column":22},"end":{"line":2,"column":23}},"loc":{"start":{"line":2,"column":28},"end":{"line":2,"column":55}},"line":2}},"branchMap":{},"s":{"0":1,"1":1},"f":{"0":1,"1":1},"b":{},"meta":{"lastBranch":0,"lastFunction":2,"lastStatement":2,"seen":{"f:1:16:1:29":0,"s:2:2:2:Infinity":0,"f:2:22:2:23":1,"s:2:28:2:55":1},"fnNames":{}}}
,"C:\\Users\\user\\Downloads\\my_project\\api\\me.js": {"path":"C:\\Users\\user\\Downloads\\my_project\\api\\me.js","statementMap":{"0":{"start":{"line":4,"column":2},"end":{"line":4,"column":null}},"1":{"start":{"line":4,"column":27},"end":{"line":4,"column":null}},"2":{"start":{"line":6,"column":2},"end":{"line":11,"column":null}},"3":{"start":{"line":7,"column":19},"end":{"line":7,"column":115}},"4":{"start":{"line":8,"column":4},"end":{"line":8,"column":null}},"5":{"start":{"line":10,"column":4},"end":{"line":10,"column":null}}},"fnMap":{"0":{"name":"meHandler","decl":{"start":{"line":3,"column":22},"end":{"line":3,"column":31}},"loc":{"start":{"line":3,"column":42},"end":{"line":12,"column":null}},"line":3}},"branchMap":{"0":{"loc":{"start":{"line":4,"column":2},"end":{"line":4,"column":null}},"type":"if","locations":[{"start":{"line":4,"column":2},"end":{"line":4,"column":null}},{"start":{},"end":{}}],"line":4},"1":{"loc":{"start":{"line":8,"column":21},"end":{"line":8,"column":57}},"type":"cond-expr","locations":[{"start":{"line":8,"column":31},"end":{"line":8,"column":50}},{"start":{"line":8,"column":53},"end":{"line":8,"column":57}}],"line":8}},"s":{"0":2,"1":1,"2":1,"3":1,"4":1,"5":0},"f":{"0":2},"b":{"0":[1,1],"1":[1,0]},"meta":{"lastBranch":2,"lastFunction":1,"lastStatement":6,"seen":{"f:3:22:3:31":0,"b:4:2:4:Infinity:undefined:undefined:undefined:undefined":0,"s:4:2:4:Infinity":0,"s:4:27:4:Infinity":1,"s:6:2:11:Infinity":2,"s:7:19:7:115":3,"s:8:4:8:Infinity":4,"b:8:31:8:50:8:53:8:57":1,"s:10:4:10:Infinity":5},"fnNames":{}}}
,"C:\\Users\\user\\Downloads\\my_project\\api\\register.js": {"path":"C:\\Users\\user\\Downloads\\my_project\\api\\register.js","statementMap":{"0":{"start":{"line":5,"column":15},"end":{"line":5,"column":49}},"1":{"start":{"line":6,"column":16},"end":{"line":6,"column":65}},"2":{"start":{"line":7,"column":19},"end":{"line":7,"column":50}},"3":{"start":{"line":8,"column":26},"end":{"line":8,"column":74}},"4":{"start":{"line":10,"column":2},"end":{"line":12,"column":null}},"5":{"start":{"line":11,"column":4},"end":{"line":11,"column":null}},"6":{"start":{"line":14,"column":2},"end":{"line":34,"column":null}},"7":{"start":{"line":15,"column":25},"end":{"line":15,"column":56}},"8":{"start":{"line":16,"column":21},"end":{"line":19,"column":5}},"9":{"start":{"line":21,"column":4},"end":{"line":21,"column":null}},"10":{"start":{"line":22,"column":4},"end":{"line":25,"column":null}},"11":{"start":{"line":23,"column":6},"end":{"line":23,"column":null}},"12":{"start":{"line":23,"column":17},"end":{"line":23,"column":null}},"13":{"start":{"line":24,"column":6},"end":{"line":24,"column":null}},"14":{"start":{"line":27,"column":4},"end":{"line":27,"column":null}},"15":{"start":{"line":29,"column":4},"end":{"line":31,"column":null}},"16":{"start":{"line":30,"column":6},"end":{"line":30,"column":null}},"17":{"start":{"line":33,"column":4},"end":{"line":33,"column":null}}},"fnMap":{"0":{"name":"registerHandler","decl":{"start":{"line":4,"column":22},"end":{"line":4,"column":37}},"loc":{"start":{"line":4,"column":48},"end":{"line":35,"column":null}},"line":4},"1":{"name":"(anonymous_1)","decl":{"start":{"line":22,"column":21},"end":{"line":22,"column":22}},"loc":{"start":{"line":22,"column":32},"end":{"line":25,"column":5}},"line":22}},"branchMap":{"0":{"loc":{"start":{"line":5,"column":22},"end":{"line":5,"column":41}},"type":"binary-expr","locations":[{"start":{"line":5,"column":22},"end":{"line":5,"column":35}},{"start":{"line":5,"column":39},"end":{"line":5,"column":41}}],"line":5},"1":{"loc":{"start":{"line":6,"column":23},"end":{"line":6,"column":43}},"type":"binary-expr","locations":[{"start":{"line":6,"column":23},"end":{"line":6,"column":37}},{"start":{"line":6,"column":41},"end":{"line":6,"column":43}}],"line":6},"2":{"loc":{"start":{"line":7,"column":26},"end":{"line":7,"column":49}},"type":"binary-expr","locations":[{"start":{"line":7,"column":26},"end":{"line":7,"column":43}},{"start":{"line":7,"column":47},"end":{"line":7,"column":49}}],"line":7},"3":{"loc":{"start":{"line":10,"column":2},"end":{"line":12,"column":null}},"type":"if","locations":[{"start":{"line":10,"column":2},"end":{"line":12,"column":null}},{"start":{},"end":{}}],"line":10},"4":{"loc":{"start":{"line":23,"column":6},"end":{"line":23,"column":null}},"type":"if","locations":[{"start":{"line":23,"column":6},"end":{"line":23,"column":null}},{"start":{},"end":{}}],"line":23},"5":{"loc":{"start":{"line":29,"column":4},"end":{"line":31,"column":null}},"type":"if","locations":[{"start":{"line":29,"column":4},"end":{"line":31,"column":null}},{"start":{},"end":{}}],"line":29}},"s":{"0":2,"1":2,"2":2,"3":2,"4":2,"5":1,"6":1,"7":1,"8":1,"9":1,"10":1,"11":1,"12":0,"13":1,"14":0,"15":0,"16":0,"17":0},"f":{"0":2,"1":1},"b":{"0":[2,0],"1":[2,0],"2":[2,0],"3":[1,1],"4":[0,1],"5":[0,0]},"meta":{"lastBranch":6,"lastFunction":2,"lastStatement":18,"seen":{"f:4:22:4:37":0,"s:5:15:5:49":0,"b:5:22:5:35:5:39:5:41":0,"s:6:16:6:65":1,"b:6:23:6:37:6:41:6:43":1,"s:7:19:7:50":2,"b:7:26:7:43:7:47:7:49":2,"s:8:26:8:74":3,"b:10:2:12:Infinity:undefined:undefined:undefined:undefined":3,"s:10:2:12:Infinity":4,"s:11:4:11:Infinity":5,"s:14:2:34:Infinity":6,"s:15:25:15:56":7,"s:16:21:19:5":8,"s:21:4:21:Infinity":9,"s:22:4:25:Infinity":10,"f:22:21:22:22":1,"b:23:6:23:Infinity:undefined:undefined:undefined:undefined":4,"s:23:6:23:Infinity":11,"s:23:17:23:Infinity":12,"s:24:6:24:Infinity":13,"s:27:4:27:Infinity":14,"b:29:4:31:Infinity:undefined:undefined:undefined:undefined":5,"s:29:4:31:Infinity":15,"s:30:6:30:Infinity":16,"s:33:4:33:Infinity":17},"fnNames":{}}}
}
