{"C:\\Users\\user\\Downloads\\my_project\\server.js": {"path":"C:\\Users\\user\\Downloads\\my_project\\server.js","statementMap":{"0":{"start":{"line":14,"column":18},"end":{"line":14,"column":62}},"1":{"start":{"line":15,"column":19},"end":{"line":15,"column":28}},"2":{"start":{"line":16,"column":13},"end":{"line":16,"column":45}},"3":{"start":{"line":18,"column":0},"end":{"line":18,"column":24}},"4":{"start":{"line":19,"column":0},"end":{"line":24,"column":4}},"5":{"start":{"line":26,"column":21},"end":{"line":31,"column":1}},"6":{"start":{"line":33,"column":0},"end":{"line":38,"column":1}},"7":{"start":{"line":34,"column":2},"end":{"line":34,"column":35}},"8":{"start":{"line":35,"column":2},"end":{"line":35,"column":39}},"9":{"start":{"line":36,"column":2},"end":{"line":36,"column":36}},"10":{"start":{"line":37,"column":2},"end":{"line":37,"column":40}},"11":{"start":{"line":40,"column":0},"end":{"line":40,"column":57}},"12":{"start":{"line":41,"column":0},"end":{"line":41,"column":60}},"13":{"start":{"line":42,"column":0},"end":{"line":42,"column":45}},"14":{"start":{"line":44,"column":0},"end":{"line":44,"column":53}},"15":{"start":{"line":45,"column":0},"end":{"line":45,"column":54}},"16":{"start":{"line":46,"column":0},"end":{"line":46,"column":57}},"17":{"start":{"line":47,"column":0},"end":{"line":47,"column":53}},"18":{"start":{"line":48,"column":0},"end":{"line":48,"column":65}},"19":{"start":{"line":49,"column":0},"end":{"line":49,"column":45}},"20":{"start":{"line":50,"column":0},"end":{"line":50,"column":46}},"21":{"start":{"line":51,"column":0},"end":{"line":51,"column":57}},"22":{"start":{"line":52,"column":0},"end":{"line":52,"column":66}},"23":{"start":{"line":53,"column":0},"end":{"line":53,"column":80}},"24":{"start":{"line":55,"column":0},"end":{"line":55,"column":54}},"25":{"start":{"line":56,"column":0},"end":{"line":59,"column":3}},"26":{"start":{"line":57,"column":2},"end":{"line":57,"column":125}},"27":{"start":{"line":57,"column":61},"end":{"line":57,"column":125}},"28":{"start":{"line":58,"column":2},"end":{"line":58,"column":9}},"29":{"start":{"line":62,"column":2},"end":{"line":68,"column":3}},"30":{"start":{"line":63,"column":4},"end":{"line":63,"column":31}},"31":{"start":{"line":64,"column":4},"end":{"line":64,"column":88}},"32":{"start":{"line":64,"column":27},"end":{"line":64,"column":86}},"33":{"start":{"line":66,"column":4},"end":{"line":66,"column":77}},"34":{"start":{"line":67,"column":4},"end":{"line":67,"column":20}},"35":{"start":{"line":71,"column":20},"end":{"line":71,"column":94}},"36":{"start":{"line":72,"column":0},"end":{"line":72,"column":31}},"37":{"start":{"line":72,"column":17},"end":{"line":72,"column":31}}},"fnMap":{"0":{"name":"(anonymous_0)","decl":{"start":{"line":56,"column":8},"end":{"line":56,"column":9}},"loc":{"start":{"line":56,"column":28},"end":{"line":59,"column":1}},"line":56},"1":{"name":"startServer","decl":{"start":{"line":61,"column":22},"end":{"line":61,"column":33}},"loc":{"start":{"line":61,"column":36},"end":{"line":69,"column":1}},"line":61},"2":{"name":"(anonymous_2)","decl":{"start":{"line":64,"column":21},"end":{"line":64,"column":22}},"loc":{"start":{"line":64,"column":27},"end":{"line":64,"column":86}},"line":64}},"branchMap":{"0":{"loc":{"start":{"line":16,"column":20},"end":{"line":16,"column":44}},"type":"binary-expr","locations":[{"start":{"line":16,"column":20},"end":{"line":16,"column":36}},{"start":{"line":16,"column":40},"end":{"line":16,"column":44}}],"line":16},"1":{"loc":{"start":{"line":20,"column":10},"end":{"line":20,"column":70}},"type":"binary-expr","locations":[{"start":{"line":20,"column":10},"end":{"line":20,"column":36}},{"start":{"line":20,"column":40},"end":{"line":20,"column":70}}],"line":20},"2":{"loc":{"start":{"line":57,"column":2},"end":{"line":57,"column":125}},"type":"if","locations":[{"start":{"line":57,"column":2},"end":{"line":57,"column":125}},{"start":{},"end":{}}],"line":57},"3":{"loc":{"start":{"line":57,"column":6},"end":{"line":57,"column":59}},"type":"binary-expr","locations":[{"start":{"line":57,"column":6},"end":{"line":57,"column":26}},{"start":{"line":57,"column":30},"end":{"line":57,"column":59}}],"line":57},"4":{"loc":{"start":{"line":71,"column":20},"end":{"line":71,"column":94}},"type":"binary-expr","locations":[{"start":{"line":71,"column":20},"end":{"line":71,"column":35}},{"start":{"line":71,"column":39},"end":{"line":71,"column":94}}],"line":71},"5":{"loc":{"start":{"line":72,"column":0},"end":{"line":72,"column":31}},"type":"if","locations":[{"start":{"line":72,"column":0},"end":{"line":72,"column":31}},{"start":{},"end":{}}],"line":72}},"s":{"0":1,"1":1,"2":1,"3":1,"4":1,"5":1,"6":1,"7":4,"8":4,"9":4,"10":4,"11":1,"12":1,"13":1,"14":1,"15":1,"16":1,"17":1,"18":1,"19":1,"20":1,"21":1,"22":1,"23":1,"24":1,"25":1,"26":1,"27":0,"28":1,"29":0,"30":0,"31":0,"32":0,"33":0,"34":0,"35":1,"36":1,"37":0},"f":{"0":1,"1":0,"2":0},"b":{"0":[1,1],"1":[1,1],"2":[0,1],"3":[1,1],"4":[1,1],"5":[0,1]},"meta":{"lastBranch":6,"lastFunction":3,"lastStatement":38,"seen":{"s:14:18:14:62":0,"s:15:19:15:28":1,"s:16:13:16:45":2,"b:16:20:16:36:16:40:16:44":0,"s:18:0:18:24":3,"s:19:0:24:4":4,"b:20:10:20:36:20:40:20:70":1,"s:26:21:31:1":5,"s:33:0:38:1":6,"s:34:2:34:35":7,"s:35:2:35:39":8,"s:36:2:36:36":9,"s:37:2:37:40":10,"s:40:0:40:57":11,"s:41:0:41:60":12,"s:42:0:42:45":13,"s:44:0:44:53":14,"s:45:0:45:54":15,"s:46:0:46:57":16,"s:47:0:47:53":17,"s:48:0:48:65":18,"s:49:0:49:45":19,"s:50:0:50:46":20,"s:51:0:51:57":21,"s:52:0:52:66":22,"s:53:0:53:80":23,"s:55:0:55:54":24,"s:56:0:59:3":25,"f:56:8:56:9":0,"b:57:2:57:125:undefined:undefined:undefined:undefined":2,"s:57:2:57:125":26,"b:57:6:57:26:57:30:57:59":3,"s:57:61:57:125":27,"s:58:2:58:9":28,"f:61:22:61:33":1,"s:62:2:68:3":29,"s:63:4:63:31":30,"s:64:4:64:88":31,"f:64:21:64:22":2,"s:64:27:64:86":32,"s:66:4:66:77":33,"s:67:4:67:20":34,"s:71:20:71:94":35,"b:71:20:71:35:71:39:71:94":4,"b:72:0:72:31:undefined:undefined:undefined:undefined":5,"s:72:0:72:31":36,"s:72:17:72:31":37},"fnNames":{}}}
,"C:\\Users\\user\\Downloads\\my_project\\api\\admin.js": {"path":"C:\\Users\\user\\Downloads\\my_project\\api\\admin.js","statementMap":{"0":{"start":{"line":4,"column":2},"end":{"line":7,"column":3}},"1":{"start":{"line":5,"column":4},"end":{"line":5,"column":65}},"2":{"start":{"line":6,"column":4},"end":{"line":6,"column":17}},"3":{"start":{"line":9,"column":2},"end":{"line":9,"column":14}},"4":{"start":{"line":13,"column":2},"end":{"line":30,"column":3}},"5":{"start":{"line":14,"column":17},"end":{"line":14,"column":45}},"6":{"start":{"line":15,"column":4},"end":{"line":15,"column":24}},"7":{"start":{"line":15,"column":15},"end":{"line":15,"column":24}},"8":{"start":{"line":17,"column":20},"end":{"line":17,"column":84}},"9":{"start":{"line":19,"column":4},"end":{"line":24,"column":5}},"10":{"start":{"line":20,"column":6},"end":{"line":20,"column":28}},"11":{"start":{"line":22,"column":26},"end":{"line":22,"column":90}},"12":{"start":{"line":23,"column":6},"end":{"line":23,"column":33}},"13":{"start":{"line":26,"column":4},"end":{"line":29,"column":6}},"14":{"start":{"line":34,"column":2},"end":{"line":55,"column":3}},"15":{"start":{"line":35,"column":19},"end":{"line":44,"column":6}},"16":{"start":{"line":46,"column":4},"end":{"line":51,"column":11}},"17":{"start":{"line":46,"column":48},"end":{"line":51,"column":5}},"18":{"start":{"line":53,"column":4},"end":{"line":53,"column":53}},"19":{"start":{"line":54,"column":4},"end":{"line":54,"column":67}},"20":{"start":{"line":59,"column":2},"end":{"line":59,"column":38}},"21":{"start":{"line":59,"column":31},"end":{"line":59,"column":38}},"22":{"start":{"line":61,"column":2},"end":{"line":63,"column":3}},"23":{"start":{"line":62,"column":4},"end":{"line":62,"column":40}},"24":{"start":{"line":65,"column":2},"end":{"line":93,"column":3}},"25":{"start":{"line":66,"column":20},"end":{"line":66,"column":34}},"26":{"start":{"line":67,"column":17},"end":{"line":67,"column":50}},"27":{"start":{"line":68,"column":20},"end":{"line":68,"column":56}},"28":{"start":{"line":69,"column":18},"end":{"line":69,"column":52}},"29":{"start":{"line":70,"column":21},"end":{"line":70,"column":58}},"30":{"start":{"line":71,"column":17},"end":{"line":71,"column":50}},"31":{"start":{"line":72,"column":18},"end":{"line":72,"column":52}},"32":{"start":{"line":73,"column":17},"end":{"line":73,"column":50}},"33":{"start":{"line":74,"column":17},"end":{"line":74,"column":64}},"34":{"start":{"line":75,"column":17},"end":{"line":75,"column":54}},"35":{"start":{"line":77,"column":4},"end":{"line":79,"column":5}},"36":{"start":{"line":78,"column":6},"end":{"line":78,"column":75}},"37":{"start":{"line":81,"column":4},"end":{"line":92,"column":5}},"38":{"start":{"line":82,"column":23},"end":{"line":85,"column":7}},"39":{"start":{"line":86,"column":6},"end":{"line":86,"column":46}},"40":{"start":{"line":88,"column":6},"end":{"line":88,"column":82}},"41":{"start":{"line":90,"column":6},"end":{"line":90,"column":54}},"42":{"start":{"line":91,"column":6},"end":{"line":91,"column":70}},"43":{"start":{"line":95,"column":2},"end":{"line":120,"column":3}},"44":{"start":{"line":96,"column":22},"end":{"line":96,"column":43}},"45":{"start":{"line":97,"column":18},"end":{"line":97,"column":53}},"46":{"start":{"line":98,"column":17},"end":{"line":98,"column":51}},"47":{"start":{"line":99,"column":17},"end":{"line":99,"column":127}},"48":{"start":{"line":99,"column":81},"end":{"line":99,"column":105}},"49":{"start":{"line":101,"column":4},"end":{"line":103,"column":5}},"50":{"start":{"line":102,"column":6},"end":{"line":102,"column":95}},"51":{"start":{"line":105,"column":4},"end":{"line":119,"column":5}},"52":{"start":{"line":106,"column":23},"end":{"line":109,"column":7}},"53":{"start":{"line":111,"column":6},"end":{"line":113,"column":7}},"54":{"start":{"line":112,"column":8},"end":{"line":112,"column":69}},"55":{"start":{"line":115,"column":6},"end":{"line":115,"column":64}},"56":{"start":{"line":117,"column":6},"end":{"line":117,"column":56}},"57":{"start":{"line":118,"column":6},"end":{"line":118,"column":69}},"58":{"start":{"line":124,"column":2},"end":{"line":124,"column":38}},"59":{"start":{"line":124,"column":31},"end":{"line":124,"column":38}},"60":{"start":{"line":126,"column":2},"end":{"line":137,"column":3}},"61":{"start":{"line":127,"column":19},"end":{"line":131,"column":6}},"62":{"start":{"line":133,"column":4},"end":{"line":133,"column":33}},"63":{"start":{"line":135,"column":4},"end":{"line":135,"column":59}},"64":{"start":{"line":136,"column":4},"end":{"line":136,"column":72}},"65":{"start":{"line":141,"column":2},"end":{"line":141,"column":38}},"66":{"start":{"line":141,"column":31},"end":{"line":141,"column":38}},"67":{"start":{"line":143,"column":20},"end":{"line":143,"column":41}},"68":{"start":{"line":144,"column":2},"end":{"line":146,"column":3}},"69":{"start":{"line":145,"column":4},"end":{"line":145,"column":75}},"70":{"start":{"line":148,"column":2},"end":{"line":154,"column":3}},"71":{"start":{"line":149,"column":4},"end":{"line":149,"column":73}},"72":{"start":{"line":150,"column":4},"end":{"line":150,"column":64}},"73":{"start":{"line":152,"column":4},"end":{"line":152,"column":57}},"74":{"start":{"line":153,"column":4},"end":{"line":153,"column":71}},"75":{"start":{"line":158,"column":2},"end":{"line":158,"column":38}},"76":{"start":{"line":158,"column":31},"end":{"line":158,"column":38}},"77":{"start":{"line":160,"column":2},"end":{"line":169,"column":3}},"78":{"start":{"line":161,"column":4},"end":{"line":167,"column":5}},"79":{"start":{"line":162,"column":21},"end":{"line":162,"column":86}},"80":{"start":{"line":163,"column":6},"end":{"line":163,"column":31}},"81":{"start":{"line":165,"column":6},"end":{"line":165,"column":54}},"82":{"start":{"line":166,"column":6},"end":{"line":166,"column":67}},"83":{"start":{"line":168,"column":4},"end":{"line":168,"column":11}},"84":{"start":{"line":171,"column":2},"end":{"line":187,"column":3}},"85":{"start":{"line":172,"column":17},"end":{"line":172,"column":51}},"86":{"start":{"line":173,"column":4},"end":{"line":175,"column":5}},"87":{"start":{"line":174,"column":6},"end":{"line":174,"column":75}},"88":{"start":{"line":177,"column":4},"end":{"line":186,"column":5}},"89":{"start":{"line":178,"column":23},"end":{"line":178,"column":87}},"90":{"start":{"line":179,"column":6},"end":{"line":179,"column":58}},"91":{"start":{"line":181,"column":6},"end":{"line":183,"column":7}},"92":{"start":{"line":182,"column":8},"end":{"line":182,"column":76}},"93":{"start":{"line":184,"column":6},"end":{"line":184,"column":52}},"94":{"start":{"line":185,"column":6},"end":{"line":185,"column":67}},"95":{"start":{"line":191,"column":2},"end":{"line":191,"column":38}},"96":{"start":{"line":191,"column":31},"end":{"line":191,"column":38}},"97":{"start":{"line":193,"column":16},"end":{"line":193,"column":37}},"98":{"start":{"line":194,"column":2},"end":{"line":196,"column":3}},"99":{"start":{"line":195,"column":4},"end":{"line":195,"column":68}},"100":{"start":{"line":198,"column":2},"end":{"line":204,"column":3}},"101":{"start":{"line":199,"column":4},"end":{"line":199,"column":65}},"102":{"start":{"line":200,"column":4},"end":{"line":200,"column":56}},"103":{"start":{"line":202,"column":4},"end":{"line":202,"column":50}},"104":{"start":{"line":203,"column":4},"end":{"line":203,"column":63}},"105":{"start":{"line":208,"column":2},"end":{"line":208,"column":38}},"106":{"start":{"line":208,"column":31},"end":{"line":208,"column":38}},"107":{"start":{"line":210,"column":20},"end":{"line":210,"column":41}},"108":{"start":{"line":211,"column":18},"end":{"line":211,"column":51}},"109":{"start":{"line":213,"column":2},"end":{"line":215,"column":3}},"110":{"start":{"line":214,"column":4},"end":{"line":214,"column":68}},"111":{"start":{"line":217,"column":2},"end":{"line":223,"column":3}},"112":{"start":{"line":218,"column":4},"end":{"line":218,"column":43}},"113":{"start":{"line":219,"column":4},"end":{"line":219,"column":44}},"114":{"start":{"line":221,"column":4},"end":{"line":221,"column":50}},"115":{"start":{"line":222,"column":4},"end":{"line":222,"column":76}},"116":{"start":{"line":227,"column":2},"end":{"line":227,"column":38}},"117":{"start":{"line":227,"column":31},"end":{"line":227,"column":38}},"118":{"start":{"line":229,"column":20},"end":{"line":229,"column":41}},"119":{"start":{"line":230,"column":16},"end":{"line":230,"column":40}},"120":{"start":{"line":231,"column":2},"end":{"line":233,"column":3}},"121":{"start":{"line":232,"column":4},"end":{"line":232,"column":75}},"122":{"start":{"line":235,"column":2},"end":{"line":241,"column":3}},"123":{"start":{"line":236,"column":4},"end":{"line":236,"column":107}},"124":{"start":{"line":237,"column":4},"end":{"line":237,"column":65}},"125":{"start":{"line":239,"column":4},"end":{"line":239,"column":60}},"126":{"start":{"line":240,"column":4},"end":{"line":240,"column":72}}},"fnMap":{"0":{"name":"requireAdmin","decl":{"start":{"line":3,"column":9},"end":{"line":3,"column":21}},"loc":{"start":{"line":3,"column":32},"end":{"line":10,"column":1}},"line":3},"1":{"name":"attachTags","decl":{"start":{"line":12,"column":15},"end":{"line":12,"column":25}},"loc":{"start":{"line":12,"column":47},"end":{"line":31,"column":1}},"line":12},"2":{"name":"getArticlesHandler","decl":{"start":{"line":33,"column":22},"end":{"line":33,"column":40}},"loc":{"start":{"line":33,"column":51},"end":{"line":56,"column":1}},"line":33},"3":{"name":"(anonymous_3)","decl":{"start":{"line":46,"column":34},"end":{"line":46,"column":35}},"loc":{"start":{"line":46,"column":48},"end":{"line":51,"column":5}},"line":46},"4":{"name":"adminArticlesHandler","decl":{"start":{"line":58,"column":22},"end":{"line":58,"column":42}},"loc":{"start":{"line":58,"column":53},"end":{"line":121,"column":1}},"line":58},"5":{"name":"(anonymous_5)","decl":{"start":{"line":99,"column":66},"end":{"line":99,"column":67}},"loc":{"start":{"line":99,"column":81},"end":{"line":99,"column":105}},"line":99},"6":{"name":"adminCommentsHandler","decl":{"start":{"line":123,"column":22},"end":{"line":123,"column":42}},"loc":{"start":{"line":123,"column":53},"end":{"line":138,"column":1}},"line":123},"7":{"name":"adminDeleteCommentHandler","decl":{"start":{"line":140,"column":22},"end":{"line":140,"column":47}},"loc":{"start":{"line":140,"column":58},"end":{"line":155,"column":1}},"line":140},"8":{"name":"adminTagsHandler","decl":{"start":{"line":157,"column":22},"end":{"line":157,"column":38}},"loc":{"start":{"line":157,"column":49},"end":{"line":188,"column":1}},"line":157},"9":{"name":"adminDeleteTagHandler","decl":{"start":{"line":190,"column":22},"end":{"line":190,"column":43}},"loc":{"start":{"line":190,"column":54},"end":{"line":205,"column":1}},"line":190},"10":{"name":"adminArticleTagsHandler","decl":{"start":{"line":207,"column":22},"end":{"line":207,"column":45}},"loc":{"start":{"line":207,"column":56},"end":{"line":224,"column":1}},"line":207},"11":{"name":"adminDeleteArticleTagHandler","decl":{"start":{"line":226,"column":22},"end":{"line":226,"column":50}},"loc":{"start":{"line":226,"column":61},"end":{"line":242,"column":1}},"line":226}},"branchMap":{"0":{"loc":{"start":{"line":4,"column":2},"end":{"line":7,"column":3}},"type":"if","locations":[{"start":{"line":4,"column":2},"end":{"line":7,"column":3}},{"start":{},"end":{}}],"line":4},"1":{"loc":{"start":{"line":14,"column":24},"end":{"line":14,"column":37}},"type":"binary-expr","locations":[{"start":{"line":14,"column":24},"end":{"line":14,"column":31}},{"start":{"line":14,"column":35},"end":{"line":14,"column":37}}],"line":14},"2":{"loc":{"start":{"line":15,"column":4},"end":{"line":15,"column":24}},"type":"if","locations":[{"start":{"line":15,"column":4},"end":{"line":15,"column":24}},{"start":{},"end":{}}],"line":15},"3":{"loc":{"start":{"line":19,"column":4},"end":{"line":24,"column":5}},"type":"if","locations":[{"start":{"line":19,"column":4},"end":{"line":24,"column":5}},{"start":{"line":21,"column":11},"end":{"line":24,"column":5}}],"line":19},"4":{"loc":{"start":{"line":49,"column":12},"end":{"line":49,"column":56}},"type":"cond-expr","locations":[{"start":{"line":49,"column":27},"end":{"line":49,"column":51}},{"start":{"line":49,"column":54},"end":{"line":49,"column":56}}],"line":49},"5":{"loc":{"start":{"line":50,"column":14},"end":{"line":50,"column":75}},"type":"cond-expr","locations":[{"start":{"line":50,"column":32},"end":{"line":50,"column":70}},{"start":{"line":50,"column":73},"end":{"line":50,"column":75}}],"line":50},"6":{"loc":{"start":{"line":59,"column":2},"end":{"line":59,"column":38}},"type":"if","locations":[{"start":{"line":59,"column":2},"end":{"line":59,"column":38}},{"start":{},"end":{}}],"line":59},"7":{"loc":{"start":{"line":61,"column":2},"end":{"line":63,"column":3}},"type":"if","locations":[{"start":{"line":61,"column":2},"end":{"line":63,"column":3}},{"start":{},"end":{}}],"line":61},"8":{"loc":{"start":{"line":65,"column":2},"end":{"line":93,"column":3}},"type":"if","locations":[{"start":{"line":65,"column":2},"end":{"line":93,"column":3}},{"start":{},"end":{}}],"line":65},"9":{"loc":{"start":{"line":66,"column":20},"end":{"line":66,"column":34}},"type":"binary-expr","locations":[{"start":{"line":66,"column":20},"end":{"line":66,"column":28}},{"start":{"line":66,"column":32},"end":{"line":66,"column":34}}],"line":66},"10":{"loc":{"start":{"line":67,"column":24},"end":{"line":67,"column":42}},"type":"binary-expr","locations":[{"start":{"line":67,"column":24},"end":{"line":67,"column":36}},{"start":{"line":67,"column":40},"end":{"line":67,"column":42}}],"line":67},"11":{"loc":{"start":{"line":68,"column":27},"end":{"line":68,"column":48}},"type":"binary-expr","locations":[{"start":{"line":68,"column":27},"end":{"line":68,"column":42}},{"start":{"line":68,"column":46},"end":{"line":68,"column":48}}],"line":68},"12":{"loc":{"start":{"line":69,"column":25},"end":{"line":69,"column":44}},"type":"binary-expr","locations":[{"start":{"line":69,"column":25},"end":{"line":69,"column":38}},{"start":{"line":69,"column":42},"end":{"line":69,"column":44}}],"line":69},"13":{"loc":{"start":{"line":70,"column":28},"end":{"line":70,"column":50}},"type":"binary-expr","locations":[{"start":{"line":70,"column":28},"end":{"line":70,"column":44}},{"start":{"line":70,"column":48},"end":{"line":70,"column":50}}],"line":70},"14":{"loc":{"start":{"line":71,"column":24},"end":{"line":71,"column":42}},"type":"binary-expr","locations":[{"start":{"line":71,"column":24},"end":{"line":71,"column":36}},{"start":{"line":71,"column":40},"end":{"line":71,"column":42}}],"line":71},"15":{"loc":{"start":{"line":72,"column":25},"end":{"line":72,"column":44}},"type":"binary-expr","locations":[{"start":{"line":72,"column":25},"end":{"line":72,"column":38}},{"start":{"line":72,"column":42},"end":{"line":72,"column":44}}],"line":72},"16":{"loc":{"start":{"line":73,"column":24},"end":{"line":73,"column":42}},"type":"binary-expr","locations":[{"start":{"line":73,"column":24},"end":{"line":73,"column":36}},{"start":{"line":73,"column":40},"end":{"line":73,"column":42}}],"line":73},"17":{"loc":{"start":{"line":74,"column":17},"end":{"line":74,"column":64}},"type":"cond-expr","locations":[{"start":{"line":74,"column":47},"end":{"line":74,"column":59}},{"start":{"line":74,"column":62},"end":{"line":74,"column":64}}],"line":74},"18":{"loc":{"start":{"line":75,"column":24},"end":{"line":75,"column":42}},"type":"binary-expr","locations":[{"start":{"line":75,"column":24},"end":{"line":75,"column":36}},{"start":{"line":75,"column":40},"end":{"line":75,"column":42}}],"line":75},"19":{"loc":{"start":{"line":77,"column":4},"end":{"line":79,"column":5}},"type":"if","locations":[{"start":{"line":77,"column":4},"end":{"line":79,"column":5}},{"start":{},"end":{}}],"line":77},"20":{"loc":{"start":{"line":77,"column":8},"end":{"line":77,"column":85}},"type":"binary-expr","locations":[{"start":{"line":77,"column":8},"end":{"line":77,"column":13}},{"start":{"line":77,"column":17},"end":{"line":77,"column":23}},{"start":{"line":77,"column":27},"end":{"line":77,"column":36}},{"start":{"line":77,"column":40},"end":{"line":77,"column":45}},{"start":{"line":77,"column":49},"end":{"line":77,"column":55}},{"start":{"line":77,"column":59},"end":{"line":77,"column":64}},{"start":{"line":77,"column":68},"end":{"line":77,"column":85}}],"line":77},"21":{"loc":{"start":{"line":84,"column":15},"end":{"line":84,"column":33}},"type":"binary-expr","locations":[{"start":{"line":84,"column":15},"end":{"line":84,"column":22}},{"start":{"line":84,"column":26},"end":{"line":84,"column":33}}],"line":84},"22":{"loc":{"start":{"line":95,"column":2},"end":{"line":120,"column":3}},"type":"if","locations":[{"start":{"line":95,"column":2},"end":{"line":120,"column":3}},{"start":{},"end":{}}],"line":95},"23":{"loc":{"start":{"line":97,"column":25},"end":{"line":97,"column":45}},"type":"binary-expr","locations":[{"start":{"line":97,"column":25},"end":{"line":97,"column":39}},{"start":{"line":97,"column":43},"end":{"line":97,"column":45}}],"line":97},"24":{"loc":{"start":{"line":98,"column":24},"end":{"line":98,"column":43}},"type":"binary-expr","locations":[{"start":{"line":98,"column":24},"end":{"line":98,"column":37}},{"start":{"line":98,"column":41},"end":{"line":98,"column":43}}],"line":98},"25":{"loc":{"start":{"line":99,"column":17},"end":{"line":99,"column":127}},"type":"cond-expr","locations":[{"start":{"line":99,"column":48},"end":{"line":99,"column":122}},{"start":{"line":99,"column":125},"end":{"line":99,"column":127}}],"line":99},"26":{"loc":{"start":{"line":101,"column":4},"end":{"line":103,"column":5}},"type":"if","locations":[{"start":{"line":101,"column":4},"end":{"line":103,"column":5}},{"start":{},"end":{}}],"line":101},"27":{"loc":{"start":{"line":101,"column":8},"end":{"line":101,"column":58}},"type":"binary-expr","locations":[{"start":{"line":101,"column":8},"end":{"line":101,"column":18}},{"start":{"line":101,"column":22},"end":{"line":101,"column":28}},{"start":{"line":101,"column":32},"end":{"line":101,"column":37}},{"start":{"line":101,"column":41},"end":{"line":101,"column":58}}],"line":101},"28":{"loc":{"start":{"line":111,"column":6},"end":{"line":113,"column":7}},"type":"if","locations":[{"start":{"line":111,"column":6},"end":{"line":113,"column":7}},{"start":{},"end":{}}],"line":111},"29":{"loc":{"start":{"line":124,"column":2},"end":{"line":124,"column":38}},"type":"if","locations":[{"start":{"line":124,"column":2},"end":{"line":124,"column":38}},{"start":{},"end":{}}],"line":124},"30":{"loc":{"start":{"line":141,"column":2},"end":{"line":141,"column":38}},"type":"if","locations":[{"start":{"line":141,"column":2},"end":{"line":141,"column":38}},{"start":{},"end":{}}],"line":141},"31":{"loc":{"start":{"line":144,"column":2},"end":{"line":146,"column":3}},"type":"if","locations":[{"start":{"line":144,"column":2},"end":{"line":146,"column":3}},{"start":{},"end":{}}],"line":144},"32":{"loc":{"start":{"line":158,"column":2},"end":{"line":158,"column":38}},"type":"if","locations":[{"start":{"line":158,"column":2},"end":{"line":158,"column":38}},{"start":{},"end":{}}],"line":158},"33":{"loc":{"start":{"line":160,"column":2},"end":{"line":169,"column":3}},"type":"if","locations":[{"start":{"line":160,"column":2},"end":{"line":169,"column":3}},{"start":{},"end":{}}],"line":160},"34":{"loc":{"start":{"line":171,"column":2},"end":{"line":187,"column":3}},"type":"if","locations":[{"start":{"line":171,"column":2},"end":{"line":187,"column":3}},{"start":{},"end":{}}],"line":171},"35":{"loc":{"start":{"line":172,"column":24},"end":{"line":172,"column":43}},"type":"binary-expr","locations":[{"start":{"line":172,"column":24},"end":{"line":172,"column":37}},{"start":{"line":172,"column":41},"end":{"line":172,"column":43}}],"line":172},"36":{"loc":{"start":{"line":173,"column":4},"end":{"line":175,"column":5}},"type":"if","locations":[{"start":{"line":173,"column":4},"end":{"line":175,"column":5}},{"start":{},"end":{}}],"line":173},"37":{"loc":{"start":{"line":181,"column":6},"end":{"line":183,"column":7}},"type":"if","locations":[{"start":{"line":181,"column":6},"end":{"line":183,"column":7}},{"start":{},"end":{}}],"line":181},"38":{"loc":{"start":{"line":191,"column":2},"end":{"line":191,"column":38}},"type":"if","locations":[{"start":{"line":191,"column":2},"end":{"line":191,"column":38}},{"start":{},"end":{}}],"line":191},"39":{"loc":{"start":{"line":194,"column":2},"end":{"line":196,"column":3}},"type":"if","locations":[{"start":{"line":194,"column":2},"end":{"line":196,"column":3}},{"start":{},"end":{}}],"line":194},"40":{"loc":{"start":{"line":208,"column":2},"end":{"line":208,"column":38}},"type":"if","locations":[{"start":{"line":208,"column":2},"end":{"line":208,"column":38}},{"start":{},"end":{}}],"line":208},"41":{"loc":{"start":{"line":211,"column":25},"end":{"line":211,"column":43}},"type":"binary-expr","locations":[{"start":{"line":211,"column":25},"end":{"line":211,"column":37}},{"start":{"line":211,"column":41},"end":{"line":211,"column":43}}],"line":211},"42":{"loc":{"start":{"line":213,"column":2},"end":{"line":215,"column":3}},"type":"if","locations":[{"start":{"line":213,"column":2},"end":{"line":215,"column":3}},{"start":{},"end":{}}],"line":213},"43":{"loc":{"start":{"line":213,"column":6},"end":{"line":213,"column":28}},"type":"binary-expr","locations":[{"start":{"line":213,"column":6},"end":{"line":213,"column":16}},{"start":{"line":213,"column":20},"end":{"line":213,"column":28}}],"line":213},"44":{"loc":{"start":{"line":227,"column":2},"end":{"line":227,"column":38}},"type":"if","locations":[{"start":{"line":227,"column":2},"end":{"line":227,"column":38}},{"start":{},"end":{}}],"line":227},"45":{"loc":{"start":{"line":231,"column":2},"end":{"line":233,"column":3}},"type":"if","locations":[{"start":{"line":231,"column":2},"end":{"line":233,"column":3}},{"start":{},"end":{}}],"line":231},"46":{"loc":{"start":{"line":231,"column":6},"end":{"line":231,"column":26}},"type":"binary-expr","locations":[{"start":{"line":231,"column":6},"end":{"line":231,"column":16}},{"start":{"line":231,"column":20},"end":{"line":231,"column":26}}],"line":231}},"s":{"0":11,"1":1,"2":1,"3":10,"4":2,"5":2,"6":2,"7":0,"8":2,"9":2,"10":2,"11":0,"12":0,"13":2,"14":2,"15":2,"16":2,"17":2,"18":0,"19":0,"20":3,"21":0,"22":3,"23":1,"24":2,"25":1,"26":1,"27":1,"28":1,"29":1,"30":1,"31":1,"32":1,"33":1,"34":1,"35":1,"36":0,"37":1,"38":1,"39":1,"40":1,"41":0,"42":0,"43":2,"44":1,"45":1,"46":1,"47":1,"48":1,"49":1,"50":0,"51":1,"52":1,"53":1,"54":0,"55":1,"56":0,"57":0,"58":1,"59":0,"60":1,"61":1,"62":1,"63":0,"64":0,"65":1,"66":0,"67":1,"68":1,"69":0,"70":1,"71":1,"72":1,"73":0,"74":0,"75":3,"76":1,"77":2,"78":1,"79":1,"80":1,"81":0,"82":0,"83":1,"84":1,"85":1,"86":1,"87":0,"88":1,"89":1,"90":1,"91":0,"92":0,"93":0,"94":0,"95":1,"96":0,"97":1,"98":1,"99":0,"100":1,"101":1,"102":1,"103":0,"104":0,"105":1,"106":0,"107":1,"108":1,"109":1,"110":0,"111":1,"112":1,"113":1,"114":0,"115":0,"116":1,"117":0,"118":1,"119":1,"120":1,"121":0,"122":1,"123":1,"124":1,"125":0,"126":0},"f":{"0":11,"1":2,"2":2,"3":2,"4":3,"5":1,"6":1,"7":1,"8":3,"9":1,"10":1,"11":1},"b":{"0":[1,10],"1":[2,0],"2":[0,2],"3":[2,0],"4":[2,0],"5":[2,0],"6":[0,3],"7":[1,2],"8":[1,1],"9":[1,0],"10":[1,0],"11":[1,0],"12":[1,0],"13":[1,0],"14":[1,0],"15":[1,0],"16":[1,0],"17":[1,0],"18":[1,0],"19":[0,1],"20":[1,1,1,1,1,1,1],"21":[1,0],"22":[1,1],"23":[1,0],"24":[1,0],"25":[1,0],"26":[0,1],"27":[1,1,1,1],"28":[0,1],"29":[0,1],"30":[0,1],"31":[0,1],"32":[1,2],"33":[1,1],"34":[1,0],"35":[1,0],"36":[0,1],"37":[0,0],"38":[0,1],"39":[0,1],"40":[0,1],"41":[1,0],"42":[0,1],"43":[1,1],"44":[0,1],"45":[0,1],"46":[1,1]},"meta":{"lastBranch":47,"lastFunction":12,"lastStatement":127,"seen":{"f:3:9:3:21":0,"b:4:2:7:3:undefined:undefined:undefined:undefined":0,"s:4:2:7:3":0,"s:5:4:5:65":1,"s:6:4:6:17":2,"s:9:2:9:14":3,"f:12:15:12:25":1,"s:13:2:30:3":4,"s:14:17:14:45":5,"b:14:24:14:31:14:35:14:37":1,"b:15:4:15:24:undefined:undefined:undefined:undefined":2,"s:15:4:15:24":6,"s:15:15:15:24":7,"s:17:20:17:84":8,"b:19:4:24:5:21:11:24:5":3,"s:19:4:24:5":9,"s:20:6:20:28":10,"s:22:26:22:90":11,"s:23:6:23:33":12,"s:26:4:29:6":13,"f:33:22:33:40":2,"s:34:2:55:3":14,"s:35:19:44:6":15,"s:46:4:51:11":16,"f:46:34:46:35":3,"s:46:48:51:5":17,"b:49:27:49:51:49:54:49:56":4,"b:50:32:50:70:50:73:50:75":5,"s:53:4:53:53":18,"s:54:4:54:67":19,"f:58:22:58:42":4,"b:59:2:59:38:undefined:undefined:undefined:undefined":6,"s:59:2:59:38":20,"s:59:31:59:38":21,"b:61:2:63:3:undefined:undefined:undefined:undefined":7,"s:61:2:63:3":22,"s:62:4:62:40":23,"b:65:2:93:3:undefined:undefined:undefined:undefined":8,"s:65:2:93:3":24,"s:66:20:66:34":25,"b:66:20:66:28:66:32:66:34":9,"s:67:17:67:50":26,"b:67:24:67:36:67:40:67:42":10,"s:68:20:68:56":27,"b:68:27:68:42:68:46:68:48":11,"s:69:18:69:52":28,"b:69:25:69:38:69:42:69:44":12,"s:70:21:70:58":29,"b:70:28:70:44:70:48:70:50":13,"s:71:17:71:50":30,"b:71:24:71:36:71:40:71:42":14,"s:72:18:72:52":31,"b:72:25:72:38:72:42:72:44":15,"s:73:17:73:50":32,"b:73:24:73:36:73:40:73:42":16,"s:74:17:74:64":33,"b:74:47:74:59:74:62:74:64":17,"s:75:17:75:54":34,"b:75:24:75:36:75:40:75:42":18,"b:77:4:79:5:undefined:undefined:undefined:undefined":19,"s:77:4:79:5":35,"b:77:8:77:13:77:17:77:23:77:27:77:36:77:40:77:45:77:49:77:55:77:59:77:64:77:68:77:85":20,"s:78:6:78:75":36,"s:81:4:92:5":37,"s:82:23:85:7":38,"b:84:15:84:22:84:26:84:33":21,"s:86:6:86:46":39,"s:88:6:88:82":40,"s:90:6:90:54":41,"s:91:6:91:70":42,"b:95:2:120:3:undefined:undefined:undefined:undefined":22,"s:95:2:120:3":43,"s:96:22:96:43":44,"s:97:18:97:53":45,"b:97:25:97:39:97:43:97:45":23,"s:98:17:98:51":46,"b:98:24:98:37:98:41:98:43":24,"s:99:17:99:127":47,"b:99:48:99:122:99:125:99:127":25,"f:99:66:99:67":5,"s:99:81:99:105":48,"b:101:4:103:5:undefined:undefined:undefined:undefined":26,"s:101:4:103:5":49,"b:101:8:101:18:101:22:101:28:101:32:101:37:101:41:101:58":27,"s:102:6:102:95":50,"s:105:4:119:5":51,"s:106:23:109:7":52,"b:111:6:113:7:undefined:undefined:undefined:undefined":28,"s:111:6:113:7":53,"s:112:8:112:69":54,"s:115:6:115:64":55,"s:117:6:117:56":56,"s:118:6:118:69":57,"f:123:22:123:42":6,"b:124:2:124:38:undefined:undefined:undefined:undefined":29,"s:124:2:124:38":58,"s:124:31:124:38":59,"s:126:2:137:3":60,"s:127:19:131:6":61,"s:133:4:133:33":62,"s:135:4:135:59":63,"s:136:4:136:72":64,"f:140:22:140:47":7,"b:141:2:141:38:undefined:undefined:undefined:undefined":30,"s:141:2:141:38":65,"s:141:31:141:38":66,"s:143:20:143:41":67,"b:144:2:146:3:undefined:undefined:undefined:undefined":31,"s:144:2:146:3":68,"s:145:4:145:75":69,"s:148:2:154:3":70,"s:149:4:149:73":71,"s:150:4:150:64":72,"s:152:4:152:57":73,"s:153:4:153:71":74,"f:157:22:157:38":8,"b:158:2:158:38:undefined:undefined:undefined:undefined":32,"s:158:2:158:38":75,"s:158:31:158:38":76,"b:160:2:169:3:undefined:undefined:undefined:undefined":33,"s:160:2:169:3":77,"s:161:4:167:5":78,"s:162:21:162:86":79,"s:163:6:163:31":80,"s:165:6:165:54":81,"s:166:6:166:67":82,"s:168:4:168:11":83,"b:171:2:187:3:undefined:undefined:undefined:undefined":34,"s:171:2:187:3":84,"s:172:17:172:51":85,"b:172:24:172:37:172:41:172:43":35,"b:173:4:175:5:undefined:undefined:undefined:undefined":36,"s:173:4:175:5":86,"s:174:6:174:75":87,"s:177:4:186:5":88,"s:178:23:178:87":89,"s:179:6:179:58":90,"b:181:6:183:7:undefined:undefined:undefined:undefined":37,"s:181:6:183:7":91,"s:182:8:182:76":92,"s:184:6:184:52":93,"s:185:6:185:67":94,"f:190:22:190:43":9,"b:191:2:191:38:undefined:undefined:undefined:undefined":38,"s:191:2:191:38":95,"s:191:31:191:38":96,"s:193:16:193:37":97,"b:194:2:196:3:undefined:undefined:undefined:undefined":39,"s:194:2:196:3":98,"s:195:4:195:68":99,"s:198:2:204:3":100,"s:199:4:199:65":101,"s:200:4:200:56":102,"s:202:4:202:50":103,"s:203:4:203:63":104,"f:207:22:207:45":10,"b:208:2:208:38:undefined:undefined:undefined:undefined":40,"s:208:2:208:38":105,"s:208:31:208:38":106,"s:210:20:210:41":107,"s:211:18:211:51":108,"b:211:25:211:37:211:41:211:43":41,"b:213:2:215:3:undefined:undefined:undefined:undefined":42,"s:213:2:215:3":109,"b:213:6:213:16:213:20:213:28":43,"s:214:4:214:68":110,"s:217:2:223:3":111,"s:218:4:218:43":112,"s:219:4:219:44":113,"s:221:4:221:50":114,"s:222:4:222:76":115,"f:226:22:226:50":11,"b:227:2:227:38:undefined:undefined:undefined:undefined":44,"s:227:2:227:38":116,"s:227:31:227:38":117,"s:229:20:229:41":118,"s:230:16:230:40":119,"b:231:2:233:3:undefined:undefined:undefined:undefined":45,"s:231:2:233:3":120,"b:231:6:231:16:231:20:231:26":46,"s:232:4:232:75":121,"s:235:2:241:3":122,"s:236:4:236:107":123,"s:237:4:237:65":124,"s:239:4:239:60":125,"s:240:4:240:72":126},"fnNames":{}}}
,"C:\\Users\\user\\Downloads\\my_project\\api\\comments.js": {"path":"C:\\Users\\user\\Downloads\\my_project\\api\\comments.js","statementMap":{"0":{"start":{"line":4,"column":21},"end":{"line":4,"column":63}},"1":{"start":{"line":6,"column":2},"end":{"line":8,"column":3}},"2":{"start":{"line":7,"column":4},"end":{"line":7,"column":72}},"3":{"start":{"line":10,"column":2},"end":{"line":25,"column":3}},"4":{"start":{"line":11,"column":19},"end":{"line":14,"column":5}},"5":{"start":{"line":16,"column":21},"end":{"line":19,"column":7}},"6":{"start":{"line":16,"column":44},"end":{"line":19,"column":5}},"7":{"start":{"line":21,"column":4},"end":{"line":21,"column":27}},"8":{"start":{"line":23,"column":4},"end":{"line":23,"column":58}},"9":{"start":{"line":24,"column":4},"end":{"line":24,"column":73}},"10":{"start":{"line":29,"column":2},"end":{"line":31,"column":3}},"11":{"start":{"line":30,"column":4},"end":{"line":30,"column":111}},"12":{"start":{"line":33,"column":21},"end":{"line":33,"column":63}},"13":{"start":{"line":34,"column":15},"end":{"line":34,"column":49}},"14":{"start":{"line":36,"column":2},"end":{"line":38,"column":3}},"15":{"start":{"line":37,"column":4},"end":{"line":37,"column":72}},"16":{"start":{"line":40,"column":2},"end":{"line":42,"column":3}},"17":{"start":{"line":41,"column":4},"end":{"line":41,"column":97}},"18":{"start":{"line":44,"column":2},"end":{"line":73,"column":3}},"19":{"start":{"line":45,"column":23},"end":{"line":45,"column":106}},"20":{"start":{"line":46,"column":17},"end":{"line":46,"column":28}},"21":{"start":{"line":48,"column":4},"end":{"line":50,"column":5}},"22":{"start":{"line":49,"column":6},"end":{"line":49,"column":95}},"23":{"start":{"line":52,"column":21},"end":{"line":55,"column":5}},"24":{"start":{"line":57,"column":19},"end":{"line":60,"column":5}},"25":{"start":{"line":62,"column":20},"end":{"line":62,"column":27}},"26":{"start":{"line":64,"column":4},"end":{"line":69,"column":7}},"27":{"start":{"line":71,"column":4},"end":{"line":71,"column":57}},"28":{"start":{"line":72,"column":4},"end":{"line":72,"column":73}}},"fnMap":{"0":{"name":"getCommentsHandler","decl":{"start":{"line":3,"column":22},"end":{"line":3,"column":40}},"loc":{"start":{"line":3,"column":51},"end":{"line":26,"column":1}},"line":3},"1":{"name":"(anonymous_1)","decl":{"start":{"line":16,"column":30},"end":{"line":16,"column":31}},"loc":{"start":{"line":16,"column":44},"end":{"line":19,"column":5}},"line":16},"2":{"name":"createCommentHandler","decl":{"start":{"line":28,"column":22},"end":{"line":28,"column":42}},"loc":{"start":{"line":28,"column":53},"end":{"line":74,"column":1}},"line":28}},"branchMap":{"0":{"loc":{"start":{"line":4,"column":28},"end":{"line":4,"column":55}},"type":"binary-expr","locations":[{"start":{"line":4,"column":28},"end":{"line":4,"column":49}},{"start":{"line":4,"column":53},"end":{"line":4,"column":55}}],"line":4},"1":{"loc":{"start":{"line":6,"column":2},"end":{"line":8,"column":3}},"type":"if","locations":[{"start":{"line":6,"column":2},"end":{"line":8,"column":3}},{"start":{},"end":{}}],"line":6},"2":{"loc":{"start":{"line":29,"column":2},"end":{"line":31,"column":3}},"type":"if","locations":[{"start":{"line":29,"column":2},"end":{"line":31,"column":3}},{"start":{},"end":{}}],"line":29},"3":{"loc":{"start":{"line":33,"column":28},"end":{"line":33,"column":55}},"type":"binary-expr","locations":[{"start":{"line":33,"column":28},"end":{"line":33,"column":49}},{"start":{"line":33,"column":53},"end":{"line":33,"column":55}}],"line":33},"4":{"loc":{"start":{"line":34,"column":22},"end":{"line":34,"column":41}},"type":"binary-expr","locations":[{"start":{"line":34,"column":22},"end":{"line":34,"column":35}},{"start":{"line":34,"column":39},"end":{"line":34,"column":41}}],"line":34},"5":{"loc":{"start":{"line":36,"column":2},"end":{"line":38,"column":3}},"type":"if","locations":[{"start":{"line":36,"column":2},"end":{"line":38,"column":3}},{"start":{},"end":{}}],"line":36},"6":{"loc":{"start":{"line":40,"column":2},"end":{"line":42,"column":3}},"type":"if","locations":[{"start":{"line":40,"column":2},"end":{"line":42,"column":3}},{"start":{},"end":{}}],"line":40},"7":{"loc":{"start":{"line":40,"column":6},"end":{"line":40,"column":42}},"type":"binary-expr","locations":[{"start":{"line":40,"column":6},"end":{"line":40,"column":21}},{"start":{"line":40,"column":25},"end":{"line":40,"column":42}}],"line":40},"8":{"loc":{"start":{"line":48,"column":4},"end":{"line":50,"column":5}},"type":"if","locations":[{"start":{"line":48,"column":4},"end":{"line":50,"column":5}},{"start":{},"end":{}}],"line":48}},"s":{"0":0,"1":0,"2":0,"3":0,"4":0,"5":0,"6":0,"7":0,"8":0,"9":0,"10":3,"11":1,"12":2,"13":3,"14":3,"15":0,"16":2,"17":1,"18":1,"19":1,"20":1,"21":1,"22":0,"23":1,"24":1,"25":1,"26":1,"27":0,"28":0},"f":{"0":0,"1":0,"2":3},"b":{"0":[0,0],"1":[0,0],"2":[1,2],"3":[2,0],"4":[3,0],"5":[0,3],"6":[1,1],"7":[2,1],"8":[0,1]},"meta":{"lastBranch":9,"lastFunction":3,"lastStatement":29,"seen":{"f:3:22:3:40":0,"s:4:21:4:63":0,"b:4:28:4:49:4:53:4:55":0,"b:6:2:8:3:undefined:undefined:undefined:undefined":1,"s:6:2:8:3":1,"s:7:4:7:72":2,"s:10:2:25:3":3,"s:11:19:14:5":4,"s:16:21:19:7":5,"f:16:30:16:31":1,"s:16:44:19:5":6,"s:21:4:21:27":7,"s:23:4:23:58":8,"s:24:4:24:73":9,"f:28:22:28:42":2,"b:29:2:31:3:undefined:undefined:undefined:undefined":2,"s:29:2:31:3":10,"s:30:4:30:111":11,"s:33:21:33:63":12,"b:33:28:33:49:33:53:33:55":3,"s:34:15:34:49":13,"b:34:22:34:35:34:39:34:41":4,"b:36:2:38:3:undefined:undefined:undefined:undefined":5,"s:36:2:38:3":14,"s:37:4:37:72":15,"b:40:2:42:3:undefined:undefined:undefined:undefined":6,"s:40:2:42:3":16,"b:40:6:40:21:40:25:40:42":7,"s:41:4:41:97":17,"s:44:2:73:3":18,"s:45:23:45:106":19,"s:46:17:46:28":20,"b:48:4:50:5:undefined:undefined:undefined:undefined":8,"s:48:4:50:5":21,"s:49:6:49:95":22,"s:52:21:55:5":23,"s:57:19:60:5":24,"s:62:20:62:27":25,"s:64:4:69:7":26,"s:71:4:71:57":27,"s:72:4:72:73":28},"fnNames":{}}}
,"C:\\Users\\user\\Downloads\\my_project\\api\\login.js": {"path":"C:\\Users\\user\\Downloads\\my_project\\api\\login.js","statementMap":{"0":{"start":{"line":5,"column":16},"end":{"line":5,"column":65}},"1":{"start":{"line":6,"column":19},"end":{"line":6,"column":50}},"2":{"start":{"line":8,"column":2},"end":{"line":23,"column":3}},"3":{"start":{"line":9,"column":19},"end":{"line":9,"column":120}},"4":{"start":{"line":10,"column":17},"end":{"line":10,"column":24}},"5":{"start":{"line":12,"column":4},"end":{"line":14,"column":5}},"6":{"start":{"line":13,"column":6},"end":{"line":13,"column":75}},"7":{"start":{"line":16,"column":4},"end":{"line":20,"column":7}},"8":{"start":{"line":17,"column":6},"end":{"line":17,"column":86}},"9":{"start":{"line":17,"column":17},"end":{"line":17,"column":86}},"10":{"start":{"line":18,"column":6},"end":{"line":18,"column":35}},"11":{"start":{"line":19,"column":6},"end":{"line":19,"column":43}},"12":{"start":{"line":22,"column":4},"end":{"line":22,"column":66}}},"fnMap":{"0":{"name":"loginHandler","decl":{"start":{"line":4,"column":22},"end":{"line":4,"column":34}},"loc":{"start":{"line":4,"column":45},"end":{"line":24,"column":1}},"line":4},"1":{"name":"(anonymous_1)","decl":{"start":{"line":16,"column":27},"end":{"line":16,"column":28}},"loc":{"start":{"line":16,"column":38},"end":{"line":20,"column":5}},"line":16}},"branchMap":{"0":{"loc":{"start":{"line":5,"column":23},"end":{"line":5,"column":43}},"type":"binary-expr","locations":[{"start":{"line":5,"column":23},"end":{"line":5,"column":37}},{"start":{"line":5,"column":41},"end":{"line":5,"column":43}}],"line":5},"1":{"loc":{"start":{"line":6,"column":26},"end":{"line":6,"column":49}},"type":"binary-expr","locations":[{"start":{"line":6,"column":26},"end":{"line":6,"column":43}},{"start":{"line":6,"column":47},"end":{"line":6,"column":49}}],"line":6},"2":{"loc":{"start":{"line":12,"column":4},"end":{"line":14,"column":5}},"type":"if","locations":[{"start":{"line":12,"column":4},"end":{"line":14,"column":5}},{"start":{},"end":{}}],"line":12},"3":{"loc":{"start":{"line":12,"column":8},"end":{"line":12,"column":70}},"type":"binary-expr","locations":[{"start":{"line":12,"column":8},"end":{"line":12,"column":13}},{"start":{"line":12,"column":17},"end":{"line":12,"column":70}}],"line":12},"4":{"loc":{"start":{"line":17,"column":6},"end":{"line":17,"column":86}},"type":"if","locations":[{"start":{"line":17,"column":6},"end":{"line":17,"column":86}},{"start":{},"end":{}}],"line":17}},"s":{"0":7,"1":7,"2":7,"3":7,"4":7,"5":7,"6":1,"7":6,"8":6,"9":0,"10":6,"11":6,"12":0},"f":{"0":7,"1":6},"b":{"0":[7,0],"1":[7,0],"2":[1,6],"3":[7,7],"4":[0,6]},"meta":{"lastBranch":5,"lastFunction":2,"lastStatement":13,"seen":{"f:4:22:4:34":0,"s:5:16:5:65":0,"b:5:23:5:37:5:41:5:43":0,"s:6:19:6:50":1,"b:6:26:6:43:6:47:6:49":1,"s:8:2:23:3":2,"s:9:19:9:120":3,"s:10:17:10:24":4,"b:12:4:14:5:undefined:undefined:undefined:undefined":2,"s:12:4:14:5":5,"b:12:8:12:13:12:17:12:70":3,"s:13:6:13:75":6,"s:16:4:20:7":7,"f:16:27:16:28":1,"b:17:6:17:86:undefined:undefined:undefined:undefined":4,"s:17:6:17:86":8,"s:17:17:17:86":9,"s:18:6:18:35":10,"s:19:6:19:43":11,"s:22:4:22:66":12},"fnNames":{}}}
,"C:\\Users\\user\\Downloads\\my_project\\api\\logout.js": {"path":"C:\\Users\\user\\Downloads\\my_project\\api\\logout.js","statementMap":{"0":{"start":{"line":2,"column":2},"end":{"line":2,"column":57}},"1":{"start":{"line":2,"column":28},"end":{"line":2,"column":55}}},"fnMap":{"0":{"name":"logoutHandler","decl":{"start":{"line":1,"column":16},"end":{"line":1,"column":29}},"loc":{"start":{"line":1,"column":40},"end":{"line":3,"column":1}},"line":1},"1":{"name":"(anonymous_1)","decl":{"start":{"line":2,"column":22},"end":{"line":2,"column":23}},"loc":{"start":{"line":2,"column":28},"end":{"line":2,"column":55}},"line":2}},"branchMap":{},"s":{"0":1,"1":1},"f":{"0":1,"1":1},"b":{},"meta":{"lastBranch":0,"lastFunction":2,"lastStatement":2,"seen":{"f:1:16:1:29":0,"s:2:2:2:57":0,"f:2:22:2:23":1,"s:2:28:2:55":1},"fnNames":{}}}
,"C:\\Users\\user\\Downloads\\my_project\\api\\me.js": {"path":"C:\\Users\\user\\Downloads\\my_project\\api\\me.js","statementMap":{"0":{"start":{"line":4,"column":2},"end":{"line":4,"column":59}},"1":{"start":{"line":4,"column":27},"end":{"line":4,"column":59}},"2":{"start":{"line":6,"column":2},"end":{"line":11,"column":3}},"3":{"start":{"line":7,"column":19},"end":{"line":7,"column":115}},"4":{"start":{"line":8,"column":4},"end":{"line":8,"column":61}},"5":{"start":{"line":10,"column":4},"end":{"line":10,"column":68}}},"fnMap":{"0":{"name":"meHandler","decl":{"start":{"line":3,"column":22},"end":{"line":3,"column":31}},"loc":{"start":{"line":3,"column":42},"end":{"line":12,"column":1}},"line":3}},"branchMap":{"0":{"loc":{"start":{"line":4,"column":2},"end":{"line":4,"column":59}},"type":"if","locations":[{"start":{"line":4,"column":2},"end":{"line":4,"column":59}},{"start":{},"end":{}}],"line":4},"1":{"loc":{"start":{"line":8,"column":21},"end":{"line":8,"column":57}},"type":"cond-expr","locations":[{"start":{"line":8,"column":31},"end":{"line":8,"column":50}},{"start":{"line":8,"column":53},"end":{"line":8,"column":57}}],"line":8}},"s":{"0":2,"1":1,"2":1,"3":1,"4":1,"5":0},"f":{"0":2},"b":{"0":[1,1],"1":[1,0]},"meta":{"lastBranch":2,"lastFunction":1,"lastStatement":6,"seen":{"f:3:22:3:31":0,"b:4:2:4:59:undefined:undefined:undefined:undefined":0,"s:4:2:4:59":0,"s:4:27:4:59":1,"s:6:2:11:3":2,"s:7:19:7:115":3,"s:8:4:8:61":4,"b:8:31:8:50:8:53:8:57":1,"s:10:4:10:68":5},"fnNames":{}}}
,"C:\\Users\\user\\Downloads\\my_project\\api\\register.js": {"path":"C:\\Users\\user\\Downloads\\my_project\\api\\register.js","statementMap":{"0":{"start":{"line":5,"column":15},"end":{"line":5,"column":49}},"1":{"start":{"line":6,"column":16},"end":{"line":6,"column":65}},"2":{"start":{"line":7,"column":19},"end":{"line":7,"column":50}},"3":{"start":{"line":8,"column":26},"end":{"line":8,"column":74}},"4":{"start":{"line":10,"column":2},"end":{"line":12,"column":3}},"5":{"start":{"line":11,"column":4},"end":{"line":11,"column":60}},"6":{"start":{"line":14,"column":2},"end":{"line":34,"column":3}},"7":{"start":{"line":15,"column":25},"end":{"line":15,"column":56}},"8":{"start":{"line":16,"column":21},"end":{"line":19,"column":5}},"9":{"start":{"line":21,"column":4},"end":{"line":21,"column":41}},"10":{"start":{"line":22,"column":4},"end":{"line":25,"column":7}},"11":{"start":{"line":23,"column":6},"end":{"line":23,"column":88}},"12":{"start":{"line":23,"column":17},"end":{"line":23,"column":88}},"13":{"start":{"line":24,"column":6},"end":{"line":24,"column":75}},"14":{"start":{"line":27,"column":4},"end":{"line":27,"column":48}},"15":{"start":{"line":29,"column":4},"end":{"line":31,"column":5}},"16":{"start":{"line":30,"column":6},"end":{"line":30,"column":96}},"17":{"start":{"line":33,"column":4},"end":{"line":33,"column":67}}},"fnMap":{"0":{"name":"registerHandler","decl":{"start":{"line":4,"column":22},"end":{"line":4,"column":37}},"loc":{"start":{"line":4,"column":48},"end":{"line":35,"column":1}},"line":4},"1":{"name":"(anonymous_1)","decl":{"start":{"line":22,"column":21},"end":{"line":22,"column":22}},"loc":{"start":{"line":22,"column":32},"end":{"line":25,"column":5}},"line":22}},"branchMap":{"0":{"loc":{"start":{"line":5,"column":22},"end":{"line":5,"column":41}},"type":"binary-expr","locations":[{"start":{"line":5,"column":22},"end":{"line":5,"column":35}},{"start":{"line":5,"column":39},"end":{"line":5,"column":41}}],"line":5},"1":{"loc":{"start":{"line":6,"column":23},"end":{"line":6,"column":43}},"type":"binary-expr","locations":[{"start":{"line":6,"column":23},"end":{"line":6,"column":37}},{"start":{"line":6,"column":41},"end":{"line":6,"column":43}}],"line":6},"2":{"loc":{"start":{"line":7,"column":26},"end":{"line":7,"column":49}},"type":"binary-expr","locations":[{"start":{"line":7,"column":26},"end":{"line":7,"column":43}},{"start":{"line":7,"column":47},"end":{"line":7,"column":49}}],"line":7},"3":{"loc":{"start":{"line":10,"column":2},"end":{"line":12,"column":3}},"type":"if","locations":[{"start":{"line":10,"column":2},"end":{"line":12,"column":3}},{"start":{},"end":{}}],"line":10},"4":{"loc":{"start":{"line":23,"column":6},"end":{"line":23,"column":88}},"type":"if","locations":[{"start":{"line":23,"column":6},"end":{"line":23,"column":88}},{"start":{},"end":{}}],"line":23},"5":{"loc":{"start":{"line":29,"column":4},"end":{"line":31,"column":5}},"type":"if","locations":[{"start":{"line":29,"column":4},"end":{"line":31,"column":5}},{"start":{},"end":{}}],"line":29}},"s":{"0":2,"1":2,"2":2,"3":2,"4":2,"5":1,"6":1,"7":1,"8":1,"9":1,"10":1,"11":1,"12":0,"13":1,"14":0,"15":0,"16":0,"17":0},"f":{"0":2,"1":1},"b":{"0":[2,0],"1":[2,0],"2":[2,0],"3":[1,1],"4":[0,1],"5":[0,0]},"meta":{"lastBranch":6,"lastFunction":2,"lastStatement":18,"seen":{"f:4:22:4:37":0,"s:5:15:5:49":0,"b:5:22:5:35:5:39:5:41":0,"s:6:16:6:65":1,"b:6:23:6:37:6:41:6:43":1,"s:7:19:7:50":2,"b:7:26:7:43:7:47:7:49":2,"s:8:26:8:74":3,"b:10:2:12:3:undefined:undefined:undefined:undefined":3,"s:10:2:12:3":4,"s:11:4:11:60":5,"s:14:2:34:3":6,"s:15:25:15:56":7,"s:16:21:19:5":8,"s:21:4:21:41":9,"s:22:4:25:7":10,"f:22:21:22:22":1,"b:23:6:23:88:undefined:undefined:undefined:undefined":4,"s:23:6:23:88":11,"s:23:17:23:88":12,"s:24:6:24:75":13,"s:27:4:27:48":14,"b:29:4:31:5:undefined:undefined:undefined:undefined":5,"s:29:4:31:5":15,"s:30:6:30:96":16,"s:33:4:33:67":17},"fnNames":{}}}
}
